#
# A fatal error has been detected by the Java Runtime Environment:
#
#  SIGSEGV (0xb) at pc=0x000000010ca3aadc, pid=24214, tid=13575
#
# JRE version: Java(TM) SE Runtime Environment (8.0_60-b08) (build 1.8.0_60-ea-b08)
# Java VM: Java HotSpot(TM) 64-Bit Server VM (25.60-b08 mixed mode bsd-amd64 compressed oops)
# Problematic frame:
# V  [libjvm.dylib+0x43aadc]  Method::checked_resolve_jmethod_id(_jmethodID*)+0xe
#
# Failed to write core dump. Core dumps have been disabled. To enable core dumping, try "ulimit -c unlimited" before starting Java again
#
# If you would like to submit a bug report, please visit:
#   http://bugreport.java.com/bugreport/crash.jsp
#

---------------  T H R E A D  ---------------

Current thread (0x00007fcf0102d800):  JavaThread "JDWP Transport Listener: dt_socket" daemon [_thread_in_vm, id=13575, stack(0x000070000d899000,0x000070000d999000)]

siginfo: si_signo: 11 (SIGSEGV), si_code: 0 (unknown), si_addr: 0x0000000000000000

Registers:
RAX=0x0000000000000001, RBX=0x000070000d998aab, RCX=0x000000010ce030f0, RDX=0x000070000d998aab
RSP=0x000070000d9989f0, RBP=0x000070000d998a00, RSI=0x00007fcf0102d800, RDI=0x0002706f412f706f
R8 =0x0000000000000008, R9 =0x0000000000000000, R10=0x0000000000000009, R11=0x0000000000000009
R12=0x00007fcf0102d800, R13=0x0002706f412f706f, R14=0x0002706f412f706f, R15=0x00007fceffc044e0
RIP=0x000000010ca3aadc, EFLAGS=0x0000000000010206, ERR=0x0000000000000000
  TRAPNO=0x000000000000000d

Top of Stack: (sp=0x000070000d9989f0)
0x000070000d9989f0:   000070000d998aab 000070000d998aab
0x000070000d998a00:   000070000d998a60 000000010c94ad56
0x000070000d998a10:   00007fcf0102d800 0000000000000000
0x000070000d998a20:   0000000000000000 0000000000000000
0x000070000d998a30:   00007fcf0102d800 00007fcf0102d800
0x000070000d998a40:   000070000d998aab 000070000d998ab0
0x000070000d998a50:   0002706f412f706f 0000000000000003
0x000070000d998a60:   000070000d998a80 000000010bd36780
0x000070000d998a70:   0000000000000001 000070000d998b28
0x000070000d998a80:   000070000d998af0 000000010bd1b1f3
0x000070000d998a90:   000070000d998ac0 00007fcf02217620
0x000070000d998aa0:   0000000400000032 0000000100998b28
0x000070000d998ab0:   0000000000000000 0000000000000000
0x000070000d998ac0:   0000000000000000 000070000d998cb0
0x000070000d998ad0:   000000010bd3de7a 00007fcf02298e20
0x000070000d998ae0:   000070000d998b28 000000010bd49598
0x000070000d998af0:   000070000d998b00 000000010bd1b2ec
0x000070000d998b00:   000070000d998d20 000000010bd24898
0x000070000d998b10:   0000c99000000013 00000000000f0200
0x000070000d998b20:   00007fcf028f8720 00007fcf028f97ba
0x000070000d998b30:   000000000000019e 00007fcf02239d90
0x000070000d998b40:   000000000000012c 000070000d998b78
0x000070000d998b50:   00007fcf02239d90 00007f0000000000
0x000070000d998b60:   0000c9900000001c 00007fce0000c280
0x000070000d998b70:   000070000d998b78 cf7f000004000000
0x000070000d998b80:   0c000000805a1802 7265747369676572
0x000070000d998b90:   5200000072657355 6f702f6d6f634c28
0x000070000d998ba0:   65767265732f6c6c 616f6c7961702f72
0x000070000d998bb0:   70556e6769532f64 3b74736575716552
0x000070000d998bc0:   70732f67726f4c29 6d617266676e6972
0x000070000d998bd0:   74682f6b726f7765 6f707365522f7074
0x000070000d998be0:   7469746e4565736e 4c28550000003b79 

Instructions: (pc=0x000000010ca3aadc)
0x000000010ca3aabc:   40 48 48 85 c0 75 e0 30 c0 0f b6 c0 5d c3 31 c0
0x000000010ca3aacc:   5d c3 55 48 89 e5 53 48 83 ec 08 48 85 ff 74 24
0x000000010ca3aadc:   48 8b 1f 48 85 db 74 1c 48 83 fb 37 74 16 48 8b
0x000000010ca3aaec:   03 48 89 df ff 50 10 84 c0 b8 00 00 00 00 48 0f 

Register to memory mapping:

RAX=0x0000000000000001 is an unknown value
RBX=0x000070000d998aab is pointing into the stack for thread: 0x00007fcf0102d800
RCX=0x000000010ce030f0: UseMembar+0 in /Library/Java/JavaVirtualMachines/jdk1.8.0_60.jdk/Contents/Home/jre/lib/server/libjvm.dylib at 0x000000010c600000
RDX=0x000070000d998aab is pointing into the stack for thread: 0x00007fcf0102d800
RSP=0x000070000d9989f0 is pointing into the stack for thread: 0x00007fcf0102d800
RBP=0x000070000d998a00 is pointing into the stack for thread: 0x00007fcf0102d800
RSI=0x00007fcf0102d800 is a thread
RDI=0x0002706f412f706f is an unknown value
R8 =0x0000000000000008 is an unknown value
R9 =0x0000000000000000 is an unknown value
R10=0x0000000000000009 is an unknown value
R11=0x0000000000000009 is an unknown value
R12=0x00007fcf0102d800 is a thread
R13=0x0002706f412f706f is an unknown value
R14=0x0002706f412f706f is an unknown value
R15=0x00007fceffc044e0 is an unknown value


Stack: [0x000070000d899000,0x000070000d999000],  sp=0x000070000d9989f0,  free space=1022k
Native frames: (J=compiled Java code, j=interpreted, Vv=VM code, C=native code)
V  [libjvm.dylib+0x43aadc]  Method::checked_resolve_jmethod_id(_jmethodID*)+0xe
V  [libjvm.dylib+0x34ad56]  jvmti_IsMethodSynthetic+0xb2
C  [libjdwp.dylib+0x20780]  isMethodSynthetic+0x63
C  [libjdwp.dylib+0x51f3]  methods1+0x10b
C  [libjdwp.dylib+0x52ec]  methodsWithGeneric+0xe
C  [libjdwp.dylib+0xe898]  debugLoop_run+0x1ce
C  [libjdwp.dylib+0x1f6ba]  attachThread+0x4d
V  [libjvm.dylib+0x38bd04]  JvmtiAgentThread::call_start_function()+0x38
V  [libjvm.dylib+0x551d0f]  JavaThread::thread_main_inner()+0x9b
V  [libjvm.dylib+0x55340a]  JavaThread::run()+0x1c2
V  [libjvm.dylib+0x47684e]  java_start(Thread*)+0xf6
C  [libsystem_pthread.dylib+0x32eb]  _pthread_body+0x7e
C  [libsystem_pthread.dylib+0x6249]  _pthread_start+0x42
C  [libsystem_pthread.dylib+0x240d]  thread_start+0xd
C  0x0000000000000000


---------------  P R O C E S S  ---------------

Java Threads: ( => current thread )
  0x00007fcf00ab5000 JavaThread "RMI TCP Connection(16)-127.0.0.1" daemon [_thread_in_native, id=41479, stack(0x000070000e4bd000,0x000070000e5bd000)]
  0x00007fcf00006800 JavaThread "DestroyJavaVM" [_thread_blocked, id=9475, stack(0x000070000cf7e000,0x000070000d07e000)]
  0x00007fcf019f8000 JavaThread "http-nio-8080-Acceptor" daemon [_thread_in_native, id=27395, stack(0x000070000fd05000,0x000070000fe05000)]
  0x00007fcf0043d800 JavaThread "http-nio-8080-ClientPoller" daemon [_thread_in_native, id=27139, stack(0x000070000fc02000,0x000070000fd02000)]
  0x00007fcf015f1800 JavaThread "http-nio-8080-exec-10" daemon [_thread_blocked, id=36355, stack(0x000070000faff000,0x000070000fbff000)]
  0x00007fcf00436800 JavaThread "http-nio-8080-exec-9" daemon [_thread_blocked, id=36867, stack(0x000070000f9fc000,0x000070000fafc000)]
  0x00007fcf019f4800 JavaThread "http-nio-8080-exec-8" daemon [_thread_blocked, id=26627, stack(0x000070000f8f9000,0x000070000f9f9000)]
  0x00007fcf015de800 JavaThread "http-nio-8080-exec-7" daemon [_thread_blocked, id=26115, stack(0x000070000f7f6000,0x000070000f8f6000)]
  0x00007fcf00436000 JavaThread "http-nio-8080-exec-6" daemon [_thread_blocked, id=37379, stack(0x000070000f6f3000,0x000070000f7f3000)]
  0x00007fcf004d6800 JavaThread "http-nio-8080-exec-5" daemon [_thread_blocked, id=25347, stack(0x000070000f5f0000,0x000070000f6f0000)]
  0x00007fcf004d5800 JavaThread "http-nio-8080-exec-4" daemon [_thread_blocked, id=37891, stack(0x000070000f4ed000,0x000070000f5ed000)]
  0x00007fcf015e5800 JavaThread "http-nio-8080-exec-3" daemon [_thread_blocked, id=25091, stack(0x000070000f3ea000,0x000070000f4ea000)]
  0x00007fcf0042c800 JavaThread "http-nio-8080-exec-2" daemon [_thread_blocked, id=38403, stack(0x000070000f2e7000,0x000070000f3e7000)]
  0x00007fcf019f4000 JavaThread "http-nio-8080-exec-1" daemon [_thread_blocked, id=38915, stack(0x000070000f1e4000,0x000070000f2e4000)]
  0x00007fcf00bea800 JavaThread "http-nio-8080-BlockPoller" daemon [_thread_in_native, id=40199, stack(0x000070000edd8000,0x000070000eed8000)]
  0x00007fcf0006d800 JavaThread "container-0" [_thread_blocked, id=39171, stack(0x000070000f0e1000,0x000070000f1e1000)]
  0x00007fcf0019c000 JavaThread "Catalina-utility-2" [_thread_blocked, id=39683, stack(0x000070000efde000,0x000070000f0de000)]
  0x00007fcf000ce000 JavaThread "Catalina-utility-1" [_thread_blocked, id=24067, stack(0x000070000eedb000,0x000070000efdb000)]
  0x00007fcf008c7800 JavaThread "HikariPool-1 housekeeper" daemon [_thread_blocked, id=23811, stack(0x000070000ecd5000,0x000070000edd5000)]
  0x00007fcf002a5800 JavaThread "PostgreSQL-JDBC-SharedTimer-1" daemon [_thread_blocked, id=23299, stack(0x000070000ebd2000,0x000070000ecd2000)]
  0x00007fcf002ae800 JavaThread "mysql-cj-abandoned-connection-cleanup" daemon [_thread_blocked, id=4871, stack(0x000070000eacf000,0x000070000ebcf000)]
  0x00007fcf01a85000 JavaThread "Attach Listener" daemon [_thread_blocked, id=43275, stack(0x000070000e3ba000,0x000070000e4ba000)]
  0x00007fcf001c4800 JavaThread "JMX server connection timeout 20" daemon [_thread_blocked, id=41731, stack(0x000070000e7c6000,0x000070000e8c6000)]
  0x00007fcf018b1000 JavaThread "RMI TCP Connection(15)-127.0.0.1" daemon [_thread_in_native, id=22531, stack(0x000070000e6c3000,0x000070000e7c3000)]
  0x00007fcf013fe000 JavaThread "RMI Scheduler(0)" daemon [_thread_blocked, id=22275, stack(0x000070000e5c0000,0x000070000e6c0000)]
  0x00007fcf01384800 JavaThread "RMI TCP Accept-0" daemon [_thread_in_native, id=16387, stack(0x000070000e1b4000,0x000070000e2b4000)]
  0x00007fcf0012e000 JavaThread "RMI TCP Accept-51549" daemon [_thread_in_native, id=15875, stack(0x000070000e0b1000,0x000070000e1b1000)]
  0x00007fcf00816000 JavaThread "RMI TCP Accept-0" daemon [_thread_in_native, id=15619, stack(0x000070000dfae000,0x000070000e0ae000)]
  0x00007fcf01043000 JavaThread "Service Thread" daemon [_thread_blocked, id=15363, stack(0x000070000deab000,0x000070000dfab000)]
  0x00007fcf01038000 JavaThread "C1 CompilerThread2" daemon [_thread_blocked, id=15107, stack(0x000070000dda8000,0x000070000dea8000)]
  0x00007fcf0102f800 JavaThread "C2 CompilerThread1" daemon [_thread_blocked, id=17923, stack(0x000070000dca5000,0x000070000dda5000)]
  0x00007fcf0102e800 JavaThread "C2 CompilerThread0" daemon [_thread_blocked, id=14595, stack(0x000070000dba2000,0x000070000dca2000)]
  0x00007fcf00808800 JavaThread "JDWP Command Reader" daemon [_thread_in_native, id=18435, stack(0x000070000da9f000,0x000070000db9f000)]
  0x00007fcf00056800 JavaThread "JDWP Event Helper Thread" daemon [_thread_blocked, id=14083, stack(0x000070000d99c000,0x000070000da9c000)]
=>0x00007fcf0102d800 JavaThread "JDWP Transport Listener: dt_socket" daemon [_thread_in_vm, id=13575, stack(0x000070000d899000,0x000070000d999000)]
  0x00007fcf01808800 JavaThread "Signal Dispatcher" daemon [_thread_blocked, id=18691, stack(0x000070000d796000,0x000070000d896000)]
  0x00007fcf01807800 JavaThread "Finalizer" daemon [_thread_blocked, id=12035, stack(0x000070000d693000,0x000070000d793000)]
  0x00007fcf0002d000 JavaThread "Reference Handler" daemon [_thread_blocked, id=11779, stack(0x000070000d590000,0x000070000d690000)]

Other Threads:
  0x00007fcf01028800 VMThread [stack: 0x000070000d48d000,0x000070000d58d000] [id=20995]
  0x00007fcf01835000 WatcherThread [stack: 0x000070000e2b7000,0x000070000e3b7000] [id=21763]

VM state:not at safepoint (normal execution)

VM Mutex/Monitor currently owned by a thread: None

Heap:
 PSYoungGen      total 270848K, used 57751K [0x0000000795580000, 0x00000007a7700000, 0x00000007c0000000)
  eden space 256512K, 22% used [0x0000000795580000,0x0000000798de5e48,0x00000007a5000000)
  from space 14336K, 0% used [0x00000007a6900000,0x00000007a6900000,0x00000007a7700000)
  to   space 19456K, 0% used [0x00000007a5100000,0x00000007a5100000,0x00000007a6400000)
 ParOldGen       total 101888K, used 24331K [0x0000000740000000, 0x0000000746380000, 0x0000000795580000)
  object space 101888K, 23% used [0x0000000740000000,0x00000007417c2dd0,0x0000000746380000)
 Metaspace       used 58523K, capacity 62028K, committed 62168K, reserved 1101824K
  class space    used 8291K, capacity 8852K, committed 8960K, reserved 1048576K

Card table byte_map: [0x000000010d932000,0x000000010dd33000] byte_map_base: 0x0000000109f32000

Marking Bits: (ParMarkBitMap*) 0x000000010cecca50
 Begin Bits: [0x000000010dfde000, 0x000000010ffde000)
 End Bits:   [0x000000010ffde000, 0x0000000111fde000)

Polling page: 0x000000010bd15000

CodeCache: size=245760Kb used=9662Kb max_used=9662Kb free=236097Kb
 bounds [0x0000000118950000, 0x00000001192d0000, 0x0000000127950000]
 total_blobs=5653 nmethods=5098 adapters=475
 compilation: enabled

Compilation events (10 events):
Event: 274.156 Thread 0x00007fcf01038000 5218       1       sun.nio.ch.SelectorImpl::keys (28 bytes)
Event: 274.157 Thread 0x00007fcf01038000 nmethod 5218 0x00000001192beb10 code [0x00000001192beca0, 0x00000001192bee78]
Event: 289.159 Thread 0x00007fcf01038000 5219       1       java.util.concurrent.ThreadPoolExecutor::beforeExecute (1 bytes)
Event: 289.159 Thread 0x00007fcf01038000 nmethod 5219 0x00000001192befd0 code [0x00000001192bf120, 0x00000001192bf230]
Event: 289.159 Thread 0x00007fcf01038000 5220   !   1       java.util.concurrent.ScheduledThreadPoolExecutor$DelayedWorkQueue::offer (124 bytes)
Event: 289.160 Thread 0x00007fcf01038000 nmethod 5220 0x00000001192bf290 code [0x00000001192bf4c0, 0x00000001192bfc08]
Event: 289.161 Thread 0x00007fcf01038000 5221       1       java.util.concurrent.ThreadPoolExecutor::ensurePrestart (41 bytes)
Event: 289.161 Thread 0x00007fcf01038000 nmethod 5221 0x00000001192c0610 code [0x00000001192c0780, 0x00000001192c0938]
Event: 291.161 Thread 0x00007fcf01038000 5222       1       java.util.concurrent.ScheduledThreadPoolExecutor$DelayedWorkQueue::siftUp (66 bytes)
Event: 291.162 Thread 0x00007fcf01038000 nmethod 5222 0x00000001192c0a10 code [0x00000001192c0ba0, 0x00000001192c0fc8]

GC Heap History (10 events):
Event: 7.449 GC heap before
{Heap before GC invocations=9 (full 1):
 PSYoungGen      total 135680K, used 79599K [0x0000000795580000, 0x00000007a2c00000, 0x00000007c0000000)
  eden space 126464K, 55% used [0x0000000795580000,0x0000000799a3f038,0x000000079d100000)
  from space 9216K, 99% used [0x000000079d100000,0x000000079d9fcde0,0x000000079da00000)
  to   space 11776K, 0% used [0x00000007a2080000,0x00000007a2080000,0x00000007a2c00000)
 ParOldGen       total 50176K, used 8135K [0x0000000740000000, 0x0000000743100000, 0x0000000795580000)
  object space 50176K, 16% used [0x0000000740000000,0x00000007407f1c30,0x0000000743100000)
 Metaspace       used 33552K, capacity 35356K, committed 35456K, reserved 1079296K
  class space    used 4589K, capacity 4925K, committed 4992K, reserved 1048576K
Event: 7.464 GC heap after
Heap after GC invocations=9 (full 1):
 PSYoungGen      total 205824K, used 11648K [0x0000000795580000, 0x00000007a3b00000, 0x00000007c0000000)
  eden space 194048K, 0% used [0x0000000795580000,0x0000000795580000,0x00000007a1300000)
  from space 11776K, 98% used [0x00000007a2080000,0x00000007a2be0310,0x00000007a2c00000)
  to   space 13824K, 0% used [0x00000007a1300000,0x00000007a1300000,0x00000007a2080000)
 ParOldGen       total 50176K, used 8143K [0x0000000740000000, 0x0000000743100000, 0x0000000795580000)
  object space 50176K, 16% used [0x0000000740000000,0x00000007407f3c30,0x0000000743100000)
 Metaspace       used 33552K, capacity 35356K, committed 35456K, reserved 1079296K
  class space    used 4589K, capacity 4925K, committed 4992K, reserved 1048576K
}
Event: 7.464 GC heap before
{Heap before GC invocations=10 (full 2):
 PSYoungGen      total 205824K, used 11648K [0x0000000795580000, 0x00000007a3b00000, 0x00000007c0000000)
  eden space 194048K, 0% used [0x0000000795580000,0x0000000795580000,0x00000007a1300000)
  from space 11776K, 98% used [0x00000007a2080000,0x00000007a2be0310,0x00000007a2c00000)
  to   space 13824K, 0% used [0x00000007a1300000,0x00000007a1300000,0x00000007a2080000)
 ParOldGen       total 50176K, used 8143K [0x0000000740000000, 0x0000000743100000, 0x0000000795580000)
  object space 50176K, 16% used [0x0000000740000000,0x00000007407f3c30,0x0000000743100000)
 Metaspace       used 33552K, capacity 35356K, committed 35456K, reserved 1079296K
  class space    used 4589K, capacity 4925K, committed 4992K, reserved 1048576K
Event: 7.519 GC heap after
Heap after GC invocations=10 (full 2):
 PSYoungGen      total 205824K, used 0K [0x0000000795580000, 0x00000007a3b00000, 0x00000007c0000000)
  eden space 194048K, 0% used [0x0000000795580000,0x0000000795580000,0x00000007a1300000)
  from space 11776K, 0% used [0x00000007a2080000,0x00000007a2080000,0x00000007a2c00000)
  to   space 13824K, 0% used [0x00000007a1300000,0x00000007a1300000,0x00000007a2080000)
 ParOldGen       total 76800K, used 16317K [0x0000000740000000, 0x0000000744b00000, 0x0000000795580000)
  object space 76800K, 21% used [0x0000000740000000,0x0000000740fef4e8,0x0000000744b00000)
 Metaspace       used 33552K, capacity 35356K, committed 35456K, reserved 1079296K
  class space    used 4589K, capacity 4925K, committed 4992K, reserved 1048576K
}
Event: 12.610 GC heap before
{Heap before GC invocations=11 (full 2):
 PSYoungGen      total 205824K, used 194048K [0x0000000795580000, 0x00000007a3b00000, 0x00000007c0000000)
  eden space 194048K, 100% used [0x0000000795580000,0x00000007a1300000,0x00000007a1300000)
  from space 11776K, 0% used [0x00000007a2080000,0x00000007a2080000,0x00000007a2c00000)
  to   space 13824K, 0% used [0x00000007a1300000,0x00000007a1300000,0x00000007a2080000)
 ParOldGen       total 76800K, used 16317K [0x0000000740000000, 0x0000000744b00000, 0x0000000795580000)
  object space 76800K, 21% used [0x0000000740000000,0x0000000740fef4e8,0x0000000744b00000)
 Metaspace       used 50727K, capacity 53472K, committed 53632K, reserved 1095680K
  class space    used 7222K, capacity 7700K, committed 7808K, reserved 1048576K
Event: 12.634 GC heap after
Heap after GC invocations=11 (full 2):
 PSYoungGen      total 207872K, used 13810K [0x0000000795580000, 0x00000007a7b00000, 0x00000007c0000000)
  eden space 194048K, 0% used [0x0000000795580000,0x0000000795580000,0x00000007a1300000)
  from space 13824K, 99% used [0x00000007a1300000,0x00000007a207ca50,0x00000007a2080000)
  to   space 18432K, 0% used [0x00000007a6900000,0x00000007a6900000,0x00000007a7b00000)
 ParOldGen       total 76800K, used 22846K [0x0000000740000000, 0x0000000744b00000, 0x0000000795580000)
  object space 76800K, 29% used [0x0000000740000000,0x000000074164f810,0x0000000744b00000)
 Metaspace       used 50727K, capacity 53472K, committed 53632K, reserved 1095680K
  class space    used 7222K, capacity 7700K, committed 7808K, reserved 1048576K
}
Event: 21.881 GC heap before
{Heap before GC invocations=12 (full 2):
 PSYoungGen      total 207872K, used 100804K [0x0000000795580000, 0x00000007a7b00000, 0x00000007c0000000)
  eden space 194048K, 44% used [0x0000000795580000,0x000000079aa748b8,0x00000007a1300000)
  from space 13824K, 99% used [0x00000007a1300000,0x00000007a207ca50,0x00000007a2080000)
  to   space 18432K, 0% used [0x00000007a6900000,0x00000007a6900000,0x00000007a7b00000)
 ParOldGen       total 76800K, used 22846K [0x0000000740000000, 0x0000000744b00000, 0x0000000795580000)
  object space 76800K, 29% used [0x0000000740000000,0x000000074164f810,0x0000000744b00000)
 Metaspace       used 55815K, capacity 58996K, committed 59096K, reserved 1099776K
  class space    used 7890K, capacity 8430K, committed 8448K, reserved 1048576K
Event: 21.896 GC heap after
Heap after GC invocations=12 (full 2):
 PSYoungGen      total 270848K, used 13852K [0x0000000795580000, 0x00000007a7700000, 0x00000007c0000000)
  eden space 256512K, 0% used [0x0000000795580000,0x0000000795580000,0x00000007a5000000)
  from space 14336K, 96% used [0x00000007a6900000,0x00000007a76872f0,0x00000007a7700000)
  to   space 19456K, 0% used [0x00000007a5100000,0x00000007a5100000,0x00000007a6400000)
 ParOldGen       total 76800K, used 22854K [0x0000000740000000, 0x0000000744b00000, 0x0000000795580000)
  object space 76800K, 29% used [0x0000000740000000,0x0000000741651810,0x0000000744b00000)
 Metaspace       used 55815K, capacity 58996K, committed 59096K, reserved 1099776K
  class space    used 7890K, capacity 8430K, committed 8448K, reserved 1048576K
}
Event: 21.896 GC heap before
{Heap before GC invocations=13 (full 3):
 PSYoungGen      total 270848K, used 13852K [0x0000000795580000, 0x00000007a7700000, 0x00000007c0000000)
  eden space 256512K, 0% used [0x0000000795580000,0x0000000795580000,0x00000007a5000000)
  from space 14336K, 96% used [0x00000007a6900000,0x00000007a76872f0,0x00000007a7700000)
  to   space 19456K, 0% used [0x00000007a5100000,0x00000007a5100000,0x00000007a6400000)
 ParOldGen       total 76800K, used 22854K [0x0000000740000000, 0x0000000744b00000, 0x0000000795580000)
  object space 76800K, 29% used [0x0000000740000000,0x0000000741651810,0x0000000744b00000)
 Metaspace       used 55815K, capacity 58996K, committed 59096K, reserved 1099776K
  class space    used 7890K, capacity 8430K, committed 8448K, reserved 1048576K
Event: 22.019 GC heap after
Heap after GC invocations=13 (full 3):
 PSYoungGen      total 270848K, used 0K [0x0000000795580000, 0x00000007a7700000, 0x00000007c0000000)
  eden space 256512K, 0% used [0x0000000795580000,0x0000000795580000,0x00000007a5000000)
  from space 14336K, 0% used [0x00000007a6900000,0x00000007a6900000,0x00000007a7700000)
  to   space 19456K, 0% used [0x00000007a5100000,0x00000007a5100000,0x00000007a6400000)
 ParOldGen       total 101888K, used 24331K [0x0000000740000000, 0x0000000746380000, 0x0000000795580000)
  object space 101888K, 23% used [0x0000000740000000,0x00000007417c2dd0,0x0000000746380000)
 Metaspace       used 55810K, capacity 58978K, committed 59096K, reserved 1099776K
  class space    used 7889K, capacity 8427K, committed 8448K, reserved 1048576K
}

Deoptimization events (0 events):
No events

Internal exceptions (10 events):
Event: 201.198 Thread 0x00007fcf004d5800 Exception <a 'java/lang/ArrayIndexOutOfBoundsException'> (0x000000079811f2d8) thrown at [/HUDSON3/workspace/8-2-build-macosx-x86_64/jdk8u60/3267.nc/hotspot/src/share/vm/runtime/sharedRuntime.cpp, line 605]
Event: 201.198 Thread 0x00007fcf004d5800 Exception <a 'java/lang/ArrayIndexOutOfBoundsException'> (0x0000000798121bd0) thrown at [/HUDSON3/workspace/8-2-build-macosx-x86_64/jdk8u60/3267.nc/hotspot/src/share/vm/runtime/sharedRuntime.cpp, line 605]
Event: 201.198 Thread 0x00007fcf004d5800 Exception <a 'java/lang/ArrayIndexOutOfBoundsException'> (0x00000007981244e8) thrown at [/HUDSON3/workspace/8-2-build-macosx-x86_64/jdk8u60/3267.nc/hotspot/src/share/vm/runtime/sharedRuntime.cpp, line 605]
Event: 201.199 Thread 0x00007fcf004d5800 Exception <a 'java/lang/ArrayIndexOutOfBoundsException'> (0x0000000798126df0) thrown at [/HUDSON3/workspace/8-2-build-macosx-x86_64/jdk8u60/3267.nc/hotspot/src/share/vm/runtime/sharedRuntime.cpp, line 605]
Event: 201.199 Thread 0x00007fcf004d5800 Exception <a 'java/lang/ArrayIndexOutOfBoundsException'> (0x00000007981296a0) thrown at [/HUDSON3/workspace/8-2-build-macosx-x86_64/jdk8u60/3267.nc/hotspot/src/share/vm/runtime/sharedRuntime.cpp, line 605]
Event: 201.199 Thread 0x00007fcf004d5800 Exception <a 'java/lang/ArrayIndexOutOfBoundsException'> (0x000000079812bf40) thrown at [/HUDSON3/workspace/8-2-build-macosx-x86_64/jdk8u60/3267.nc/hotspot/src/share/vm/runtime/sharedRuntime.cpp, line 605]
Event: 201.199 Thread 0x00007fcf004d5800 Exception <a 'java/lang/ArrayIndexOutOfBoundsException'> (0x000000079812e808) thrown at [/HUDSON3/workspace/8-2-build-macosx-x86_64/jdk8u60/3267.nc/hotspot/src/share/vm/runtime/sharedRuntime.cpp, line 605]
Event: 201.199 Thread 0x00007fcf004d5800 Exception <a 'java/lang/ArrayIndexOutOfBoundsException'> (0x0000000798131188) thrown at [/HUDSON3/workspace/8-2-build-macosx-x86_64/jdk8u60/3267.nc/hotspot/src/share/vm/runtime/sharedRuntime.cpp, line 605]
Event: 201.199 Thread 0x00007fcf004d5800 Exception <a 'java/lang/ArrayIndexOutOfBoundsException'> (0x0000000798133a58) thrown at [/HUDSON3/workspace/8-2-build-macosx-x86_64/jdk8u60/3267.nc/hotspot/src/share/vm/runtime/sharedRuntime.cpp, line 605]
Event: 202.953 Thread 0x00007fcf004d5800 Exception <a 'java/lang/ArrayIndexOutOfBoundsException'> (0x000000079858cdf8) thrown at [/HUDSON3/workspace/8-2-build-macosx-x86_64/jdk8u60/3267.nc/hotspot/src/share/vm/runtime/sharedRuntime.cpp, line 605]

Events (10 events):
Event: 263.840 Executing VM operation: ChangeBreakpoints done
Event: 263.840 Executing VM operation: ChangeBreakpoints
Event: 263.840 Executing VM operation: ChangeBreakpoints done
Event: 263.869 Executing VM operation: RedefineClasses
Event: 263.894 Executing VM operation: RedefineClasses done
Event: 303.999 Thread 0x00007fcf00ab5000 Thread added: 0x00007fcf00ab5000
Event: 303.999 Executing VM operation: RevokeBias
Event: 303.999 Executing VM operation: RevokeBias done
Event: 308.245 Executing VM operation: RedefineClasses
Event: 308.270 Executing VM operation: RedefineClasses done


Dynamic libraries:
0x0000000015592000 	/System/Library/Frameworks/Cocoa.framework/Versions/A/Cocoa
0x0000000015592000 	/System/Library/Frameworks/Security.framework/Versions/A/Security
0x0000000015592000 	/System/Library/Frameworks/ApplicationServices.framework/Versions/A/ApplicationServices
0x0000000015592000 	/usr/lib/libz.1.dylib
0x0000000015592000 	/usr/lib/libSystem.B.dylib
0x0000000015592000 	/usr/lib/libobjc.A.dylib
0x0000000015592000 	/System/Library/Frameworks/CoreFoundation.framework/Versions/A/CoreFoundation
0x0000000015592000 	/System/Library/Frameworks/Foundation.framework/Versions/C/Foundation
0x0000000015592000 	/System/Library/Frameworks/AppKit.framework/Versions/C/AppKit
0x0000000015592000 	/System/Library/Frameworks/CoreData.framework/Versions/A/CoreData
0x0000000015592000 	/System/Library/PrivateFrameworks/RemoteViewServices.framework/Versions/A/RemoteViewServices
0x0000000015592000 	/System/Library/PrivateFrameworks/UIFoundation.framework/Versions/A/UIFoundation
0x0000000015592000 	/System/Library/PrivateFrameworks/XCTTargetBootstrap.framework/Versions/A/XCTTargetBootstrap
0x0000000015592000 	/System/Library/Frameworks/CoreDisplay.framework/Versions/A/CoreDisplay
0x0000000015592000 	/System/Library/PrivateFrameworks/IconServices.framework/Versions/A/IconServices
0x0000000015592000 	/System/Library/Frameworks/Metal.framework/Versions/A/Metal
0x0000000015592000 	/System/Library/PrivateFrameworks/DesktopServicesPriv.framework/Versions/A/DesktopServicesPriv
0x0000000015592000 	/usr/lib/libenergytrace.dylib
0x0000000015592000 	/System/Library/PrivateFrameworks/SkyLight.framework/Versions/A/SkyLight
0x0000000015592000 	/System/Library/Frameworks/CoreGraphics.framework/Versions/A/CoreGraphics
0x0000000015592000 	/System/Library/Frameworks/Accelerate.framework/Versions/A/Accelerate
0x0000000015592000 	/System/Library/Frameworks/IOSurface.framework/Versions/A/IOSurface
0x0000000015592000 	/System/Library/PrivateFrameworks/DFRFoundation.framework/Versions/A/DFRFoundation
0x0000000015592000 	/System/Library/Frameworks/AudioToolbox.framework/Versions/A/AudioToolbox
0x0000000015592000 	/System/Library/Frameworks/AudioUnit.framework/Versions/A/AudioUnit
0x0000000015592000 	/System/Library/PrivateFrameworks/DataDetectorsCore.framework/Versions/A/DataDetectorsCore
0x0000000015592000 	/System/Library/Frameworks/Carbon.framework/Versions/A/Frameworks/HIToolbox.framework/Versions/A/HIToolbox
0x0000000015592000 	/usr/lib/libicucore.A.dylib
0x0000000015592000 	/System/Library/Frameworks/QuartzCore.framework/Versions/A/QuartzCore
0x0000000015592000 	/System/Library/Frameworks/Carbon.framework/Versions/A/Frameworks/SpeechRecognition.framework/Versions/A/SpeechRecognition
0x0000000015592000 	/usr/lib/libauto.dylib
0x0000000015592000 	/usr/lib/libxml2.2.dylib
0x0000000015592000 	/System/Library/PrivateFrameworks/CoreUI.framework/Versions/A/CoreUI
0x0000000015592000 	/System/Library/Frameworks/CoreAudio.framework/Versions/A/CoreAudio
0x0000000015592000 	/System/Library/Frameworks/DiskArbitration.framework/Versions/A/DiskArbitration
0x0000000015592000 	/usr/lib/liblangid.dylib
0x0000000015592000 	/System/Library/PrivateFrameworks/MultitouchSupport.framework/Versions/A/MultitouchSupport
0x0000000015592000 	/System/Library/Frameworks/IOKit.framework/Versions/A/IOKit
0x0000000015592000 	/usr/lib/libDiagnosticMessagesClient.dylib
0x0000000015592000 	/System/Library/Frameworks/CoreServices.framework/Versions/A/CoreServices
0x0000000015592000 	/System/Library/PrivateFrameworks/PerformanceAnalysis.framework/Versions/A/PerformanceAnalysis
0x0000000015592000 	/System/Library/Frameworks/OpenGL.framework/Versions/A/OpenGL
0x0000000015592000 	/System/Library/Frameworks/ColorSync.framework/Versions/A/ColorSync
0x0000000015592000 	/System/Library/Frameworks/CoreImage.framework/Versions/A/CoreImage
0x0000000015592000 	/System/Library/Frameworks/CoreText.framework/Versions/A/CoreText
0x0000000015592000 	/System/Library/Frameworks/ImageIO.framework/Versions/A/ImageIO
0x0000000015592000 	/System/Library/PrivateFrameworks/Backup.framework/Versions/A/Backup
0x0000000015592000 	/usr/lib/libarchive.2.dylib
0x0000000015592000 	/System/Library/Frameworks/CFNetwork.framework/Versions/A/CFNetwork
0x0000000015592000 	/System/Library/Frameworks/SystemConfiguration.framework/Versions/A/SystemConfiguration
0x0000000015592000 	/usr/lib/libCRFSuite.dylib
0x0000000015592000 	/usr/lib/libc++.1.dylib
0x0000000015592000 	/usr/lib/libc++abi.dylib
0x0000000015592000 	/usr/lib/system/libcache.dylib
0x0000000015592000 	/usr/lib/system/libcommonCrypto.dylib
0x0000000015592000 	/usr/lib/system/libcompiler_rt.dylib
0x0000000015592000 	/usr/lib/system/libcopyfile.dylib
0x0000000015592000 	/usr/lib/system/libcorecrypto.dylib
0x0000000015592000 	/usr/lib/system/libdispatch.dylib
0x0000000015592000 	/usr/lib/system/libdyld.dylib
0x0000000015592000 	/usr/lib/system/libkeymgr.dylib
0x0000000015592000 	/usr/lib/system/liblaunch.dylib
0x0000000015592000 	/usr/lib/system/libmacho.dylib
0x0000000015592000 	/usr/lib/system/libquarantine.dylib
0x0000000015592000 	/usr/lib/system/libremovefile.dylib
0x0000000015592000 	/usr/lib/system/libsystem_asl.dylib
0x0000000015592000 	/usr/lib/system/libsystem_blocks.dylib
0x0000000015592000 	/usr/lib/system/libsystem_c.dylib
0x0000000015592000 	/usr/lib/system/libsystem_configuration.dylib
0x0000000015592000 	/usr/lib/system/libsystem_coreservices.dylib
0x0000000015592000 	/usr/lib/system/libsystem_darwin.dylib
0x0000000015592000 	/usr/lib/system/libsystem_dnssd.dylib
0x0000000015592000 	/usr/lib/system/libsystem_info.dylib
0x0000000015592000 	/usr/lib/system/libsystem_m.dylib
0x0000000015592000 	/usr/lib/system/libsystem_malloc.dylib
0x0000000015592000 	/usr/lib/system/libsystem_networkextension.dylib
0x0000000015592000 	/usr/lib/system/libsystem_notify.dylib
0x0000000015592000 	/usr/lib/system/libsystem_sandbox.dylib
0x0000000015592000 	/usr/lib/system/libsystem_secinit.dylib
0x0000000015592000 	/usr/lib/system/libsystem_kernel.dylib
0x0000000015592000 	/usr/lib/system/libsystem_platform.dylib
0x0000000015592000 	/usr/lib/system/libsystem_pthread.dylib
0x0000000015592000 	/usr/lib/system/libsystem_symptoms.dylib
0x0000000015592000 	/usr/lib/system/libsystem_trace.dylib
0x0000000015592000 	/usr/lib/system/libunwind.dylib
0x0000000015592000 	/usr/lib/system/libxpc.dylib
0x0000000015592000 	/usr/lib/libbsm.0.dylib
0x0000000015592000 	/usr/lib/system/libkxld.dylib
0x0000000015592000 	/System/Library/PrivateFrameworks/AppleFSCompression.framework/Versions/A/AppleFSCompression
0x0000000015592000 	/usr/lib/libOpenScriptingUtil.dylib
0x0000000015592000 	/usr/lib/libcoretls.dylib
0x0000000015592000 	/usr/lib/libcoretls_cfhelpers.dylib
0x0000000015592000 	/usr/lib/libpam.2.dylib
0x0000000015592000 	/usr/lib/libsqlite3.dylib
0x0000000015592000 	/usr/lib/libxar.1.dylib
0x0000000015592000 	/usr/lib/libbz2.1.0.dylib
0x0000000015592000 	/usr/lib/liblzma.5.dylib
0x0000000015592000 	/usr/lib/libnetwork.dylib
0x0000000015592000 	/usr/lib/libapple_nghttp2.dylib
0x0000000015592000 	/usr/lib/libpcap.A.dylib
0x0000000015592000 	/System/Library/Frameworks/CoreServices.framework/Versions/A/Frameworks/FSEvents.framework/Versions/A/FSEvents
0x0000000015592000 	/System/Library/Frameworks/CoreServices.framework/Versions/A/Frameworks/CarbonCore.framework/Versions/A/CarbonCore
0x0000000015592000 	/System/Library/Frameworks/CoreServices.framework/Versions/A/Frameworks/Metadata.framework/Versions/A/Metadata
0x0000000015592000 	/System/Library/Frameworks/CoreServices.framework/Versions/A/Frameworks/OSServices.framework/Versions/A/OSServices
0x0000000015592000 	/System/Library/Frameworks/CoreServices.framework/Versions/A/Frameworks/SearchKit.framework/Versions/A/SearchKit
0x0000000015592000 	/System/Library/Frameworks/CoreServices.framework/Versions/A/Frameworks/AE.framework/Versions/A/AE
0x0000000015592000 	/System/Library/Frameworks/CoreServices.framework/Versions/A/Frameworks/LaunchServices.framework/Versions/A/LaunchServices
0x0000000015592000 	/System/Library/Frameworks/CoreServices.framework/Versions/A/Frameworks/DictionaryServices.framework/Versions/A/DictionaryServices
0x0000000015592000 	/System/Library/Frameworks/CoreServices.framework/Versions/A/Frameworks/SharedFileList.framework/Versions/A/SharedFileList
0x0000000015592000 	/System/Library/Frameworks/NetFS.framework/Versions/A/NetFS
0x0000000015592000 	/System/Library/PrivateFrameworks/NetAuth.framework/Versions/A/NetAuth
0x0000000015592000 	/System/Library/PrivateFrameworks/login.framework/Versions/A/Frameworks/loginsupport.framework/Versions/A/loginsupport
0x0000000015592000 	/System/Library/PrivateFrameworks/TCC.framework/Versions/A/TCC
0x0000000015592000 	/System/Library/PrivateFrameworks/CoreNLP.framework/Versions/A/CoreNLP
0x0000000015592000 	/System/Library/PrivateFrameworks/MetadataUtilities.framework/Versions/A/MetadataUtilities
0x0000000015592000 	/usr/lib/libmecabra.dylib
0x0000000015592000 	/System/Library/Frameworks/ApplicationServices.framework/Versions/A/Frameworks/ATS.framework/Versions/A/ATS
0x0000000015592000 	/System/Library/Frameworks/ApplicationServices.framework/Versions/A/Frameworks/ColorSyncLegacy.framework/Versions/A/ColorSyncLegacy
0x0000000015592000 	/System/Library/Frameworks/ApplicationServices.framework/Versions/A/Frameworks/HIServices.framework/Versions/A/HIServices
0x0000000015592000 	/System/Library/Frameworks/ApplicationServices.framework/Versions/A/Frameworks/LangAnalysis.framework/Versions/A/LangAnalysis
0x0000000015592000 	/System/Library/Frameworks/ApplicationServices.framework/Versions/A/Frameworks/PrintCore.framework/Versions/A/PrintCore
0x0000000015592000 	/System/Library/Frameworks/ApplicationServices.framework/Versions/A/Frameworks/QD.framework/Versions/A/QD
0x0000000015592000 	/System/Library/Frameworks/ApplicationServices.framework/Versions/A/Frameworks/SpeechSynthesis.framework/Versions/A/SpeechSynthesis
0x0000000015592000 	/usr/lib/libcompression.dylib
0x0000000015592000 	/System/Library/Frameworks/MetalPerformanceShaders.framework/Versions/A/MetalPerformanceShaders
0x0000000015592000 	/System/Library/Frameworks/Accelerate.framework/Versions/A/Frameworks/vImage.framework/Versions/A/vImage
0x0000000015592000 	/System/Library/Frameworks/Accelerate.framework/Versions/A/Frameworks/vecLib.framework/Versions/A/vecLib
0x0000000015592000 	/System/Library/Frameworks/Accelerate.framework/Versions/A/Frameworks/vecLib.framework/Versions/A/libvMisc.dylib
0x0000000015592000 	/System/Library/Frameworks/Accelerate.framework/Versions/A/Frameworks/vecLib.framework/Versions/A/libvDSP.dylib
0x0000000015592000 	/System/Library/Frameworks/Accelerate.framework/Versions/A/Frameworks/vecLib.framework/Versions/A/libBLAS.dylib
0x0000000015592000 	/System/Library/Frameworks/Accelerate.framework/Versions/A/Frameworks/vecLib.framework/Versions/A/libLAPACK.dylib
0x0000000015592000 	/System/Library/Frameworks/Accelerate.framework/Versions/A/Frameworks/vecLib.framework/Versions/A/libLinearAlgebra.dylib
0x0000000015592000 	/System/Library/Frameworks/Accelerate.framework/Versions/A/Frameworks/vecLib.framework/Versions/A/libSparseBLAS.dylib
0x0000000015592000 	/System/Library/Frameworks/Accelerate.framework/Versions/A/Frameworks/vecLib.framework/Versions/A/libQuadrature.dylib
0x0000000015592000 	/System/Library/Frameworks/Accelerate.framework/Versions/A/Frameworks/vecLib.framework/Versions/A/libBNNS.dylib
0x0000000015592000 	/System/Library/Frameworks/Accelerate.framework/Versions/A/Frameworks/vecLib.framework/Versions/A/libSparse.dylib
0x0000000015592000 	/System/Library/PrivateFrameworks/GPUWrangler.framework/Versions/A/GPUWrangler
0x0000000015592000 	/System/Library/PrivateFrameworks/IOAccelerator.framework/Versions/A/IOAccelerator
0x0000000015592000 	/System/Library/PrivateFrameworks/IOPresentment.framework/Versions/A/IOPresentment
0x0000000015592000 	/System/Library/PrivateFrameworks/DSExternalDisplay.framework/Versions/A/DSExternalDisplay
0x0000000015592000 	/System/Library/Frameworks/OpenGL.framework/Versions/A/Libraries/libCoreFSCache.dylib
0x0000000015592000 	/System/Library/Frameworks/MetalPerformanceShaders.framework/Frameworks/MPSCore.framework/Versions/A/MPSCore
0x0000000015592000 	/System/Library/Frameworks/MetalPerformanceShaders.framework/Frameworks/MPSImage.framework/Versions/A/MPSImage
0x0000000015592000 	/System/Library/Frameworks/MetalPerformanceShaders.framework/Frameworks/MPSNeuralNetwork.framework/Versions/A/MPSNeuralNetwork
0x0000000015592000 	/System/Library/Frameworks/MetalPerformanceShaders.framework/Frameworks/MPSMatrix.framework/Versions/A/MPSMatrix
0x0000000015592000 	/System/Library/Frameworks/MetalPerformanceShaders.framework/Frameworks/MPSRayIntersector.framework/Versions/A/MPSRayIntersector
0x0000000015592000 	/System/Library/PrivateFrameworks/MetalTools.framework/Versions/A/MetalTools
0x0000000015592000 	/System/Library/PrivateFrameworks/AggregateDictionary.framework/Versions/A/AggregateDictionary
0x0000000015592000 	/usr/lib/libMobileGestalt.dylib
0x0000000015592000 	/System/Library/Frameworks/CoreVideo.framework/Versions/A/CoreVideo
0x0000000015592000 	/System/Library/PrivateFrameworks/GraphVisualizer.framework/Versions/A/GraphVisualizer
0x0000000015592000 	/System/Library/PrivateFrameworks/FaceCore.framework/Versions/A/FaceCore
0x0000000015592000 	/System/Library/Frameworks/OpenCL.framework/Versions/A/OpenCL
0x0000000015592000 	/usr/lib/libFosl_dynamic.dylib
0x0000000015592000 	/System/Library/PrivateFrameworks/OTSVG.framework/Versions/A/OTSVG
0x0000000015592000 	/System/Library/Frameworks/ApplicationServices.framework/Versions/A/Frameworks/ATS.framework/Versions/A/Resources/libFontParser.dylib
0x0000000015592000 	/System/Library/Frameworks/ApplicationServices.framework/Versions/A/Frameworks/ATS.framework/Versions/A/Resources/libFontRegistry.dylib
0x0000000015592000 	/System/Library/Frameworks/ImageIO.framework/Versions/A/Resources/libJPEG.dylib
0x0000000015592000 	/System/Library/Frameworks/ImageIO.framework/Versions/A/Resources/libTIFF.dylib
0x0000000015592000 	/System/Library/Frameworks/ImageIO.framework/Versions/A/Resources/libPng.dylib
0x0000000015592000 	/System/Library/Frameworks/ImageIO.framework/Versions/A/Resources/libGIF.dylib
0x0000000015592000 	/System/Library/Frameworks/ImageIO.framework/Versions/A/Resources/libJP2.dylib
0x0000000015592000 	/System/Library/Frameworks/ImageIO.framework/Versions/A/Resources/libRadiance.dylib
0x0000000015592000 	/System/Library/PrivateFrameworks/AppleJPEG.framework/Versions/A/AppleJPEG
0x0000000015592000 	/System/Library/Frameworks/OpenGL.framework/Versions/A/Libraries/libGFXShared.dylib
0x0000000015592000 	/System/Library/Frameworks/OpenGL.framework/Versions/A/Libraries/libGLU.dylib
0x0000000015592000 	/System/Library/Frameworks/OpenGL.framework/Versions/A/Libraries/libGL.dylib
0x0000000015592000 	/System/Library/Frameworks/OpenGL.framework/Versions/A/Libraries/libGLImage.dylib
0x0000000015592000 	/System/Library/Frameworks/OpenGL.framework/Versions/A/Libraries/libCVMSPluginSupport.dylib
0x0000000015592000 	/System/Library/Frameworks/OpenGL.framework/Versions/A/Libraries/libCoreVMClient.dylib
0x0000000015592000 	/usr/lib/libcups.2.dylib
0x0000000015592000 	/System/Library/Frameworks/Kerberos.framework/Versions/A/Kerberos
0x0000000015592000 	/System/Library/Frameworks/GSS.framework/Versions/A/GSS
0x0000000015592000 	/usr/lib/libresolv.9.dylib
0x0000000015592000 	/usr/lib/libiconv.2.dylib
0x0000000015592000 	/System/Library/PrivateFrameworks/Heimdal.framework/Versions/A/Heimdal
0x0000000015592000 	/usr/lib/libheimdal-asn1.dylib
0x0000000015592000 	/System/Library/Frameworks/OpenDirectory.framework/Versions/A/OpenDirectory
0x0000000015592000 	/System/Library/PrivateFrameworks/CommonAuth.framework/Versions/A/CommonAuth
0x0000000015592000 	/System/Library/Frameworks/OpenDirectory.framework/Versions/A/Frameworks/CFOpenDirectory.framework/Versions/A/CFOpenDirectory
0x0000000015592000 	/System/Library/Frameworks/SecurityFoundation.framework/Versions/A/SecurityFoundation
0x0000000015592000 	/System/Library/PrivateFrameworks/APFS.framework/Versions/A/APFS
0x0000000015592000 	/usr/lib/libutil.dylib
0x0000000015592000 	/usr/lib/libcharset.1.dylib
0x0000000015592000 	/System/Library/PrivateFrameworks/AppleSauce.framework/Versions/A/AppleSauce
0x0000000015592000 	/System/Library/PrivateFrameworks/AssertionServices.framework/Versions/A/AssertionServices
0x0000000015592000 	/System/Library/PrivateFrameworks/BaseBoard.framework/Versions/A/BaseBoard
0x0000000015592000 	/usr/lib/libmecab.1.0.0.dylib
0x0000000015592000 	/usr/lib/libgermantok.dylib
0x0000000015592000 	/usr/lib/libThaiTokenizer.dylib
0x0000000015592000 	/usr/lib/libChineseTokenizer.dylib
0x0000000015592000 	/System/Library/PrivateFrameworks/LanguageModeling.framework/Versions/A/LanguageModeling
0x0000000015592000 	/System/Library/PrivateFrameworks/CoreEmoji.framework/Versions/A/CoreEmoji
0x0000000015592000 	/System/Library/PrivateFrameworks/Lexicon.framework/Versions/A/Lexicon
0x0000000015592000 	/System/Library/PrivateFrameworks/LinguisticData.framework/Versions/A/LinguisticData
0x0000000015592000 	/usr/lib/libcmph.dylib
0x0000000015592000 	/System/Library/Frameworks/ServiceManagement.framework/Versions/A/ServiceManagement
0x0000000015592000 	/System/Library/PrivateFrameworks/BackgroundTaskManagement.framework/Versions/A/BackgroundTaskManagement
0x0000000015592000 	/usr/lib/libxslt.1.dylib
0x0000000015592000 	/System/Library/Frameworks/Carbon.framework/Versions/A/Frameworks/Ink.framework/Versions/A/Ink
0x0000000015592000 	/System/Library/PrivateFrameworks/TextureIO.framework/Versions/A/TextureIO
0x0000000015592000 	/usr/lib/libate.dylib
0x0000000015592000 	/System/Library/PrivateFrameworks/CrashReporterSupport.framework/Versions/A/CrashReporterSupport
0x0000000015592000 	/System/Library/PrivateFrameworks/Sharing.framework/Versions/A/Sharing
0x0000000015592000 	/System/Library/PrivateFrameworks/AuthKit.framework/Versions/A/AuthKit
0x0000000015592000 	/System/Library/PrivateFrameworks/Apple80211.framework/Versions/A/Apple80211
0x0000000015592000 	/System/Library/PrivateFrameworks/CoreUtils.framework/Versions/A/CoreUtils
0x0000000015592000 	/System/Library/Frameworks/CoreWLAN.framework/Versions/A/CoreWLAN
0x0000000015592000 	/System/Library/Frameworks/IOBluetooth.framework/Versions/A/IOBluetooth
0x0000000015592000 	/System/Library/PrivateFrameworks/ProtocolBuffer.framework/Versions/A/ProtocolBuffer
0x0000000015592000 	/System/Library/PrivateFrameworks/MobileKeyBag.framework/Versions/A/MobileKeyBag
0x0000000015592000 	/System/Library/PrivateFrameworks/CorePhoneNumbers.framework/Versions/A/CorePhoneNumbers
0x0000000015592000 	/System/Library/PrivateFrameworks/AppleIDAuthSupport.framework/Versions/A/AppleIDAuthSupport
0x0000000015592000 	/System/Library/PrivateFrameworks/KeychainCircle.framework/Versions/A/KeychainCircle
0x0000000015592000 	/System/Library/PrivateFrameworks/ROCKit.framework/Versions/A/ROCKit
0x0000000015592000 	/System/Library/PrivateFrameworks/CoreWiFi.framework/Versions/A/CoreWiFi
0x0000000015592000 	/System/Library/Frameworks/CoreBluetooth.framework/Versions/A/CoreBluetooth
0x0000000015592000 	/System/Library/PrivateFrameworks/DebugSymbols.framework/Versions/A/DebugSymbols
0x0000000015592000 	/System/Library/PrivateFrameworks/CoreSymbolication.framework/Versions/A/CoreSymbolication
0x0000000015592000 	/System/Library/PrivateFrameworks/Symbolication.framework/Versions/A/Symbolication
0x0000000015592000 	/System/Library/PrivateFrameworks/SpeechRecognitionCore.framework/Versions/A/SpeechRecognitionCore
0x000000010c600000 	/Library/Java/JavaVirtualMachines/jdk1.8.0_60.jdk/Contents/Home/jre/lib/server/libjvm.dylib
0x0000000015592000 	/usr/lib/libstdc++.6.dylib
0x000000010bcd2000 	/Library/Java/JavaVirtualMachines/jdk1.8.0_60.jdk/Contents/Home/jre/lib/libverify.dylib
0x000000010bce0000 	/Library/Java/JavaVirtualMachines/jdk1.8.0_60.jdk/Contents/Home/jre/lib/libjava.dylib
0x000000010bd16000 	/Library/Java/JavaVirtualMachines/jdk1.8.0_60.jdk/Contents/Home/jre/lib/libjdwp.dylib
0x000000010bd61000 	/Library/Java/JavaVirtualMachines/jdk1.8.0_60.jdk/Contents/Home/jre/lib/libnpt.dylib
0x000000010bdae000 	/Library/Java/JavaVirtualMachines/jdk1.8.0_60.jdk/Contents/Home/jre/lib/libzip.dylib
0x0000000015592000 	/System/Library/Frameworks/JavaVM.framework/Versions/A/Frameworks/JavaRuntimeSupport.framework/Versions/A/JavaRuntimeSupport
0x0000000015592000 	/System/Library/Frameworks/JavaVM.framework/Versions/A/Frameworks/JavaNativeFoundation.framework/Versions/A/JavaNativeFoundation
0x0000000015592000 	/System/Library/Frameworks/JavaVM.framework/Versions/A/JavaVM
0x0000000015592000 	/System/Library/Frameworks/Carbon.framework/Versions/A/Carbon
0x0000000015592000 	/System/Library/PrivateFrameworks/JavaLaunching.framework/Versions/A/JavaLaunching
0x0000000015592000 	/System/Library/Frameworks/Carbon.framework/Versions/A/Frameworks/CommonPanels.framework/Versions/A/CommonPanels
0x0000000015592000 	/System/Library/Frameworks/Carbon.framework/Versions/A/Frameworks/Help.framework/Versions/A/Help
0x0000000015592000 	/System/Library/Frameworks/Carbon.framework/Versions/A/Frameworks/ImageCapture.framework/Versions/A/ImageCapture
0x0000000015592000 	/System/Library/Frameworks/Carbon.framework/Versions/A/Frameworks/OpenScripting.framework/Versions/A/OpenScripting
0x0000000015592000 	/System/Library/Frameworks/Carbon.framework/Versions/A/Frameworks/Print.framework/Versions/A/Print
0x0000000015592000 	/System/Library/Frameworks/Carbon.framework/Versions/A/Frameworks/SecurityHI.framework/Versions/A/SecurityHI
0x00000001158b8000 	/Library/Java/JavaVirtualMachines/jdk1.8.0_60.jdk/Contents/Home/jre/lib/libdt_socket.dylib
0x00000001158bf000 	/Library/Java/JavaVirtualMachines/jdk1.8.0_60.jdk/Contents/Home/jre/lib/libmanagement.dylib
0x00000001158cc000 	/Library/Java/JavaVirtualMachines/jdk1.8.0_60.jdk/Contents/Home/jre/lib/libnet.dylib
0x000000011592b000 	/Library/Java/JavaVirtualMachines/jdk1.8.0_60.jdk/Contents/Home/jre/lib/libnio.dylib
0x0000000118808000 	/Library/Java/JavaVirtualMachines/jdk1.8.0_60.jdk/Contents/Home/jre/lib/libsunec.dylib

VM Arguments:
jvm_args: -agentlib:jdwp=transport=dt_socket,suspend=y,address=localhost:51552 -Dcom.sun.management.jmxremote -Dcom.sun.management.jmxremote.port=51549 -Dcom.sun.management.jmxremote.authenticate=false -Dcom.sun.management.jmxremote.ssl=false -Djava.rmi.server.hostname=localhost -Dspring.jmx.enabled=true -Dspring.application.admin.enabled=true -Djava.security.egd=file:/dev/./urandom -Xverify:none -XX:TieredStopAtLevel=1 -Dspring.boot.project.name=PollStation -Dfile.encoding=UTF-8 
java_command: com.poll.server.PollStationApplication --spring.output.ansi.enabled=always
java_class_path (initial): /Users/bradluken/Documents/workspace-spring-tool-suite-4-4.5.1.RELEASE/PollStation/target/classes:/Users/bradluken/.m2/repository/org/springframework/boot/spring-boot-starter-data-jpa/2.2.1.RELEASE/spring-boot-starter-data-jpa-2.2.1.RELEASE.jar:/Users/bradluken/.m2/repository/org/springframework/boot/spring-boot-starter-aop/2.2.1.RELEASE/spring-boot-starter-aop-2.2.1.RELEASE.jar:/Users/bradluken/.m2/repository/org/aspectj/aspectjweaver/1.9.4/aspectjweaver-1.9.4.jar:/Users/bradluken/.m2/repository/jakarta/activation/jakarta.activation-api/1.2.1/jakarta.activation-api-1.2.1.jar:/Users/bradluken/.m2/repository/jakarta/persistence/jakarta.persistence-api/2.2.3/jakarta.persistence-api-2.2.3.jar:/Users/bradluken/.m2/repository/jakarta/transaction/jakarta.transaction-api/1.3.3/jakarta.transaction-api-1.3.3.jar:/Users/bradluken/.m2/repository/org/hibernate/hibernate-core/5.4.8.Final/hibernate-core-5.4.8.Final.jar:/Users/bradluken/.m2/repository/org/jboss/logging/jboss-logging/3.4.1.Final/jboss-logging-3.4.1.Final.jar:/Users/bradluken/.m2/repository/org/javassist/javassist/3.24.0-GA/javassist-3.24.0-GA.jar:/Users/bradluken/.m2/repository/net/bytebuddy/byte-buddy/1.10.2/byte-buddy-1.10.2.jar:/Users/bradluken/.m2/repository/antlr/antlr/2.7.7/antlr-2.7.7.jar:/Users/bradluken/.m2/repository/org/jboss/jandex/2.0.5.Final/jandex-2.0.5.Final.jar:/Users/bradluken/.m2/repository/com/fasterxml/classmate/1.5.1/classmate-1.5.1.jar:/Users/bradluken/.m2/repository/org/dom4j/dom4j/2.1.1/dom4j-2.1.1.jar:/Users/bradluken/.m2/repository/org/hibernate/common/hibernate-commons-annotations/5.1.0.Final/hibernate-commons-annotations-5.1.0.Final.jar:/Users/bradluken/.m2/repository/org/glassfish/jaxb/jaxb-runtime/2.3.2/jaxb-runtime-2.3.2.jar:/Users/bradluken/.m2/repository/org/glassfish/jaxb/txw2/2.3.2/txw2-2.3.2.jar:/Users/bradluken/.m2/repository/com/sun/istack/istack-commons-runtime/3.0.8/istack-commons-runtime-3.0.8.jar:/Users/bradluken/.m2/repository/org/jvnet/staxex
Launcher Type: SUN_STANDARD

Environment Variables:
PATH=/usr/bin:/bin:/usr/sbin:/sbin
SHELL=/bin/bash

Signal Handlers:
SIGSEGV: [libjvm.dylib+0x597013], sa_mask[0]=11111111011111110111111111111111, sa_flags=SA_ONSTACK|SA_RESTART|SA_SIGINFO
SIGBUS: [libjvm.dylib+0x597013], sa_mask[0]=11111111011111110111111111111111, sa_flags=SA_RESTART|SA_SIGINFO
SIGFPE: [libjvm.dylib+0x473ed8], sa_mask[0]=11111111011111110111111111111111, sa_flags=SA_RESTART|SA_SIGINFO
SIGPIPE: [libjvm.dylib+0x473ed8], sa_mask[0]=11111111011111110111111111111111, sa_flags=SA_RESTART|SA_SIGINFO
SIGXFSZ: [libjvm.dylib+0x473ed8], sa_mask[0]=11111111011111110111111111111111, sa_flags=SA_RESTART|SA_SIGINFO
SIGILL: [libjvm.dylib+0x473ed8], sa_mask[0]=11111111011111110111111111111111, sa_flags=SA_RESTART|SA_SIGINFO
SIGUSR1: SIG_DFL, sa_mask[0]=00000000000000000000000000000000, sa_flags=none
SIGUSR2: [libjvm.dylib+0x4739f6], sa_mask[0]=00100000000000000000000000000000, sa_flags=SA_RESTART|SA_SIGINFO
SIGHUP: [libjvm.dylib+0x471fcd], sa_mask[0]=11111111011111110111111111111111, sa_flags=SA_RESTART|SA_SIGINFO
SIGINT: [libjvm.dylib+0x471fcd], sa_mask[0]=11111111011111110111111111111111, sa_flags=SA_RESTART|SA_SIGINFO
SIGTERM: [libjvm.dylib+0x471fcd], sa_mask[0]=11111111011111110111111111111111, sa_flags=SA_RESTART|SA_SIGINFO
SIGQUIT: [libjvm.dylib+0x471fcd], sa_mask[0]=11111111011111110111111111111111, sa_flags=SA_RESTART|SA_SIGINFO


---------------  S Y S T E M  ---------------

OS:Bsduname:Darwin 18.7.0 Darwin Kernel Version 18.7.0: Thu Jan 23 06:52:12 PST 2020; root:xnu-4903.278.25~1/RELEASE_X86_64 x86_64
rlimit: STACK 8192k, CORE 0k, NPROC 709, NOFILE 10240, AS infinity
load average:1.84 1.43 1.59

CPU:total 4 (4 cores per cpu, 1 threads per core) family 6 model 58 stepping 9, cmov, cx8, fxsr, mmx, sse, sse2, sse3, ssse3, sse4.1, sse4.2, popcnt, avx, aes, clmul, erms, tsc, tscinvbit, tscinv

Memory: 4k page, physical 8388608k(32300k free)

/proc/meminfo:


vm_info: Java HotSpot(TM) 64-Bit Server VM (25.60-b08) for bsd-amd64 JRE (1.8.0_60-ea-b08), built on Mar 24 2015 18:05:17 by "java_re" with gcc 4.2.1 (Based on Apple Inc. build 5658) (LLVM build 2336.11.00)

time: Sun Oct 11 11:19:40 2020
elapsed time: 308 seconds (0d 0h 5m 8s)

