#
# A fatal error has been detected by the Java Runtime Environment:
#
#  SIGSEGV (0xb) at pc=0x0000000104e3aadc, pid=48452, tid=14087
#
# JRE version: Java(TM) SE Runtime Environment (8.0_60-b08) (build 1.8.0_60-ea-b08)
# Java VM: Java HotSpot(TM) 64-Bit Server VM (25.60-b08 mixed mode bsd-amd64 compressed oops)
# Problematic frame:
# V  [libjvm.dylib+0x43aadc]
#
# Failed to write core dump. Core dumps have been disabled. To enable core dumping, try "ulimit -c unlimited" before starting Java again
#
# If you would like to submit a bug report, please visit:
#   http://bugreport.java.com/bugreport/crash.jsp
#

---------------  T H R E A D  ---------------

Current thread (0x00007ff58c838000):  JavaThread "JDWP Transport Listener: dt_socket" daemon [_thread_in_vm, id=14087, stack(0x0000700005743000,0x0000700005843000)]

siginfo: si_signo: 11 (SIGSEGV), si_code: 0 (unknown), si_addr: 0x0000000000000000

Registers:
RAX=0x0000000000000001, RBX=0x0000700005842aab, RCX=0x00000001052030f0, RDX=0x0000700005842aab
RSP=0x00007000058429f0, RBP=0x0000700005842a00, RSI=0x00007ff58c838000, RDI=0x0002000740043020
R8 =0x0000000000000000, R9 =0x00007ff58ea2a340, R10=0x0000000000000001, R11=0x0000000000000001
R12=0x00007ff58c838000, R13=0x0002000740043020, R14=0x0002000740043020, R15=0x00007ff58bd01210
RIP=0x0000000104e3aadc, EFLAGS=0x0000000000010202, ERR=0x0000000000000000
  TRAPNO=0x000000000000000d

Top of Stack: (sp=0x00007000058429f0)
0x00007000058429f0:   0000700005842aab 0000700005842aab
0x0000700005842a00:   0000700005842a60 0000000104d4ad56
0x0000700005842a10:   00007ff58c838000 0000000000000000
0x0000700005842a20:   0000000000000000 0000000000000000
0x0000700005842a30:   00007ff58c838000 00007ff58c838000
0x0000700005842a40:   0000700005842aab 0000700005842ab0
0x0000700005842a50:   0002000740043020 0000000000000003
0x0000700005842a60:   0000700005842a80 00000001040b2780
0x0000700005842a70:   0000000000000001 0000700005842b28
0x0000700005842a80:   0000700005842af0 00000001040971f3
0x0000700005842a90:   0000700005842ac0 00007ff58e348490
0x0000700005842aa0:   0000000400000032 0000000100842b28
0x0000700005842ab0:   0000000000000000 0000000000000000
0x0000700005842ac0:   0000000000000000 0000700005842cb0
0x0000700005842ad0:   00000001040b9e7a 00007ff58e353480
0x0000700005842ae0:   0000700005842b28 00000001040c5598
0x0000700005842af0:   0000700005842b00 00000001040972ec
0x0000700005842b00:   0000700005842d20 00000001040a0898
0x0000700005842b10:   00034d6900000013 00000000000f0200
0x0000700005842b20:   00007ff58e358310 00007ff58ea60489
0x0000700005842b30:   000000000000023f 00007ff58bdcd990
0x0000700005842b40:   000000000000012c 0000700005842b78
0x0000700005842b50:   00007ff58bdcd990 00007f0000000000
0x0000700005842b60:   00034d690000001c 00007ff50000f280
0x0000700005842b70:   0000700005842b78 f57f000004000000
0x0000700005842b80:   06000000e0c30e8e 00003e74696e693c
0x0000700005842b90:   0000005629280300 7f00000100000000
0x0000700005842ba0:   000000f8c30e8ef5 657473696765720c
0x0000700005842bb0:   0000007265735572 702f6d6f634c2852
0x0000700005842bc0:   767265732f6c6c6f 6f6c7961702f7265
0x0000700005842bd0:   556e6769532f6461 7473657571655270
0x0000700005842be0:   732f67726f4c293b 617266676e697270 

Instructions: (pc=0x0000000104e3aadc)
0x0000000104e3aabc:   40 48 48 85 c0 75 e0 30 c0 0f b6 c0 5d c3 31 c0
0x0000000104e3aacc:   5d c3 55 48 89 e5 53 48 83 ec 08 48 85 ff 74 24
0x0000000104e3aadc:   48 8b 1f 48 85 db 74 1c 48 83 fb 37 74 16 48 8b
0x0000000104e3aaec:   03 48 89 df ff 50 10 84 c0 b8 00 00 00 00 48 0f 

Register to memory mapping:

RAX=0x0000000000000001 is an unknown value
RBX=0x0000700005842aab is pointing into the stack for thread: 0x00007ff58c838000
RCX=0x00000001052030f0: UseMembar+0 in /Library/Java/JavaVirtualMachines/jdk1.8.0_60.jdk/Contents/Home/jre/lib/server/libjvm.dylib at 0x0000000104a00000
RDX=0x0000700005842aab is pointing into the stack for thread: 0x00007ff58c838000
RSP=0x00007000058429f0 is pointing into the stack for thread: 0x00007ff58c838000
RBP=0x0000700005842a00 is pointing into the stack for thread: 0x00007ff58c838000
RSI=0x00007ff58c838000 is a thread
RDI=0x0002000740043020 is an unknown value
R8 =0x0000000000000000 is an unknown value
R9 =0x00007ff58ea2a340 is an unknown value
R10=0x0000000000000001 is an unknown value
R11=0x0000000000000001 is an unknown value
R12=0x00007ff58c838000 is a thread
R13=0x0002000740043020 is an unknown value
R14=0x0002000740043020 is an unknown value
R15=0x00007ff58bd01210 is an unknown value


Stack: [0x0000700005743000,0x0000700005843000],  sp=0x00007000058429f0,  free space=1022k
Native frames: (J=compiled Java code, j=interpreted, Vv=VM code, C=native code)
V  [libjvm.dylib+0x43aadc]
V  [libjvm.dylib+0x34ad56]
C  [libjdwp.dylib+0x20780]  isMethodSynthetic+0x63
C  [libjdwp.dylib+0x51f3]  methods1+0x10b
C  [libjdwp.dylib+0x52ec]  methodsWithGeneric+0xe
C  [libjdwp.dylib+0xe898]  debugLoop_run+0x1ce
C  [libjdwp.dylib+0x1f6ba]  attachThread+0x4d
V  [libjvm.dylib+0x38bd04]
V  [libjvm.dylib+0x551d0f]
V  [libjvm.dylib+0x55340a]
V  [libjvm.dylib+0x47684e]
C  [libsystem_pthread.dylib+0x32eb]  _pthread_body+0x7e
C  [libsystem_pthread.dylib+0x6249]  _pthread_start+0x42
C  [libsystem_pthread.dylib+0x240d]  thread_start+0xd
C  0x0000000000000000


---------------  P R O C E S S  ---------------

Java Threads: ( => current thread )
  0x00007ff58ccd0800 JavaThread "DestroyJavaVM" [_thread_blocked, id=6403, stack(0x0000700004e28000,0x0000700004f28000)]
  0x00007ff58d50f800 JavaThread "http-nio-8080-Acceptor" daemon [_thread_in_native, id=26883, stack(0x0000700007baf000,0x0000700007caf000)]
  0x00007ff58ccc8000 JavaThread "http-nio-8080-ClientPoller" daemon [_thread_in_native, id=35843, stack(0x0000700007aac000,0x0000700007bac000)]
  0x00007ff58c2ed000 JavaThread "http-nio-8080-exec-10" daemon [_thread_blocked, id=36355, stack(0x00007000079a9000,0x0000700007aa9000)]
  0x00007ff58d503800 JavaThread "http-nio-8080-exec-9" daemon [_thread_blocked, id=26371, stack(0x00007000078a6000,0x00007000079a6000)]
  0x00007ff58d28c000 JavaThread "http-nio-8080-exec-8" daemon [_thread_blocked, id=36867, stack(0x00007000077a3000,0x00007000078a3000)]
  0x00007ff58ccd0000 JavaThread "http-nio-8080-exec-7" daemon [_thread_blocked, id=37123, stack(0x00007000076a0000,0x00007000077a0000)]
  0x00007ff58d28b000 JavaThread "http-nio-8080-exec-6" daemon [_thread_blocked, id=25859, stack(0x000070000759d000,0x000070000769d000)]
  0x00007ff58d466800 JavaThread "http-nio-8080-exec-5" daemon [_thread_blocked, id=37891, stack(0x000070000749a000,0x000070000759a000)]
  0x00007ff58c2ec800 JavaThread "http-nio-8080-exec-4" daemon [_thread_blocked, id=38147, stack(0x0000700007397000,0x0000700007497000)]
  0x00007ff58c0ea800 JavaThread "http-nio-8080-exec-3" daemon [_thread_blocked, id=38659, stack(0x0000700007294000,0x0000700007394000)]
  0x00007ff58c2e5800 JavaThread "http-nio-8080-exec-2" daemon [_thread_blocked, id=25347, stack(0x0000700007191000,0x0000700007291000)]
  0x00007ff58cccf000 JavaThread "http-nio-8080-exec-1" daemon [_thread_blocked, id=39171, stack(0x000070000708e000,0x000070000718e000)]
  0x00007ff58c2f0800 JavaThread "http-nio-8080-BlockPoller" daemon [_thread_in_native, id=24835, stack(0x0000700006f8b000,0x000070000708b000)]
  0x00007ff58d36f000 JavaThread "container-0" [_thread_blocked, id=24323, stack(0x0000700006e88000,0x0000700006f88000)]
  0x00007ff58c2b2800 JavaThread "Catalina-utility-2" [_thread_blocked, id=24067, stack(0x0000700006d85000,0x0000700006e85000)]
  0x00007ff58c253800 JavaThread "Catalina-utility-1" [_thread_blocked, id=40195, stack(0x0000700006c82000,0x0000700006d82000)]
  0x00007ff58db72000 JavaThread "HikariPool-1 housekeeper" daemon [_thread_blocked, id=41219, stack(0x0000700006a7c000,0x0000700006b7c000)]
  0x00007ff58cc01000 JavaThread "PostgreSQL-JDBC-SharedTimer-1" daemon [_thread_blocked, id=13067, stack(0x0000700006979000,0x0000700006a79000)]
  0x00007ff58c1da800 JavaThread "RMI TCP Connection(idle)" daemon [_thread_blocked, id=23299, stack(0x0000700006773000,0x0000700006873000)]
  0x00007ff58dc31800 JavaThread "Attach Listener" daemon [_thread_blocked, id=41995, stack(0x0000700006670000,0x0000700006770000)]
  0x00007ff58c9a5000 JavaThread "JMX server connection timeout 19" daemon [_thread_blocked, id=22787, stack(0x000070000656d000,0x000070000666d000)]
  0x00007ff58c9f7000 JavaThread "RMI Scheduler(0)" daemon [_thread_blocked, id=42755, stack(0x0000700006367000,0x0000700006467000)]
  0x00007ff58dad6800 JavaThread "RMI TCP Accept-0" daemon [_thread_in_native, id=17667, stack(0x000070000605e000,0x000070000615e000)]
  0x00007ff58c0ed000 JavaThread "RMI TCP Accept-63475" daemon [_thread_in_native, id=17411, stack(0x0000700005f5b000,0x000070000605b000)]
  0x00007ff58c9a2800 JavaThread "RMI TCP Accept-0" daemon [_thread_in_native, id=18435, stack(0x0000700005e58000,0x0000700005f58000)]
  0x00007ff58d027800 JavaThread "Service Thread" daemon [_thread_blocked, id=16643, stack(0x0000700005d55000,0x0000700005e55000)]
  0x00007ff58d81e800 JavaThread "C1 CompilerThread2" daemon [_thread_blocked, id=18691, stack(0x0000700005c52000,0x0000700005d52000)]
  0x00007ff58c83a800 JavaThread "C2 CompilerThread1" daemon [_thread_blocked, id=15875, stack(0x0000700005b4f000,0x0000700005c4f000)]
  0x00007ff58c82b800 JavaThread "C2 CompilerThread0" daemon [_thread_blocked, id=15619, stack(0x0000700005a4c000,0x0000700005b4c000)]
  0x00007ff58d027000 JavaThread "JDWP Command Reader" daemon [_thread_in_native, id=15107, stack(0x0000700005949000,0x0000700005a49000)]
  0x00007ff58c839000 JavaThread "JDWP Event Helper Thread" daemon [_thread_blocked, id=14595, stack(0x0000700005846000,0x0000700005946000)]
=>0x00007ff58c838000 JavaThread "JDWP Transport Listener: dt_socket" daemon [_thread_in_vm, id=14087, stack(0x0000700005743000,0x0000700005843000)]
  0x00007ff58c019000 JavaThread "Signal Dispatcher" daemon [_thread_blocked, id=13571, stack(0x0000700005640000,0x0000700005740000)]
  0x00007ff58c829000 JavaThread "Finalizer" daemon [_thread_blocked, id=12035, stack(0x000070000553d000,0x000070000563d000)]
  0x00007ff58c004000 JavaThread "Reference Handler" daemon [_thread_blocked, id=20739, stack(0x000070000543a000,0x000070000553a000)]

Other Threads:
  0x00007ff58d81b000 VMThread [stack: 0x0000700005337000,0x0000700005437000] [id=21251]
  0x00007ff58dad7000 WatcherThread [stack: 0x0000700006161000,0x0000700006261000] [id=21763]

VM state:not at safepoint (normal execution)

VM Mutex/Monitor currently owned by a thread: None

Heap:
 PSYoungGen      total 334336K, used 41124K [0x0000000795580000, 0x00000007ab600000, 0x00000007c0000000)
  eden space 321536K, 12% used [0x0000000795580000,0x0000000797da91b8,0x00000007a8f80000)
  from space 12800K, 0% used [0x00000007aa980000,0x00000007aa980000,0x00000007ab600000)
  to   space 19456K, 0% used [0x00000007a9000000,0x00000007a9000000,0x00000007aa300000)
 ParOldGen       total 80896K, used 23122K [0x0000000740000000, 0x0000000744f00000, 0x0000000795580000)
  object space 80896K, 28% used [0x0000000740000000,0x00000007416948b8,0x0000000744f00000)
 Metaspace       used 57266K, capacity 60658K, committed 60800K, reserved 1101824K
  class space    used 8148K, capacity 8747K, committed 8832K, reserved 1048576K

Card table byte_map: [0x0000000105d32000,0x0000000106133000] byte_map_base: 0x0000000102332000

Marking Bits: (ParMarkBitMap*) 0x00000001052cca50
 Begin Bits: [0x00000001063de000, 0x00000001083de000)
 End Bits:   [0x00000001083de000, 0x000000010a3de000)

Polling page: 0x0000000104091000

CodeCache: size=245760Kb used=9394Kb max_used=9406Kb free=236365Kb
 bounds [0x000000010aaf3000, 0x000000010b433000, 0x0000000119af3000]
 total_blobs=5564 nmethods=5015 adapters=469
 compilation: enabled

Compilation events (10 events):
Event: 191.274 Thread 0x00007ff58d81e800 5119   !   1       sun.nio.ch.KQueueArrayWrapper::updateRegistrations (87 bytes)
Event: 191.274 Thread 0x00007ff58d81e800 nmethod 5119 0x000000010adec2d0 code [0x000000010adec480, 0x000000010adec938]
Event: 191.274 Thread 0x00007ff58d81e800 5118       1       java.nio.channels.spi.AbstractSelector::begin (48 bytes)
Event: 191.275 Thread 0x00007ff58d81e800 nmethod 5118 0x000000010adeb9d0 code [0x000000010adebb60, 0x000000010adebff8]
Event: 192.277 Thread 0x00007ff58d81e800 5121   !   1       sun.nio.ch.KQueueSelectorImpl::updateSelectedKeys (265 bytes)
Event: 192.277 Thread 0x00007ff58d81e800 nmethod 5121 0x000000010acfe190 code [0x000000010acfe3a0, 0x000000010acfebc8]
Event: 198.601 Thread 0x00007ff58d81e800 5122       1       org.apache.catalina.webresources.Cache$EvictionOrder::compare (13 bytes)
Event: 198.601 Thread 0x00007ff58d81e800 nmethod 5122 0x000000010acfdcd0 code [0x000000010acfde40, 0x000000010acfe030]
Event: 198.601 Thread 0x00007ff58d81e800 5123       1       org.apache.catalina.webresources.Cache$EvictionOrder::compare (31 bytes)
Event: 198.601 Thread 0x00007ff58d81e800 nmethod 5123 0x000000010acfd910 code [0x000000010acfda80, 0x000000010acfdbf0]

GC Heap History (10 events):
Event: 6.422 GC heap before
{Heap before GC invocations=9 (full 1):
 PSYoungGen      total 136192K, used 69860K [0x0000000795580000, 0x00000007a4a00000, 0x00000007c0000000)
  eden space 126976K, 47% used [0x0000000795580000,0x00000007990b9688,0x000000079d180000)
  from space 9216K, 99% used [0x000000079d180000,0x000000079da7fa88,0x000000079da80000)
  to   space 12288K, 0% used [0x00000007a3e00000,0x00000007a3e00000,0x00000007a4a00000)
 ParOldGen       total 46592K, used 8197K [0x0000000740000000, 0x0000000742d80000, 0x0000000795580000)
  object space 46592K, 17% used [0x0000000740000000,0x00000007408014c8,0x0000000742d80000)
 Metaspace       used 33474K, capacity 35276K, committed 35456K, reserved 1079296K
  class space    used 4564K, capacity 4923K, committed 4992K, reserved 1048576K
Event: 6.439 GC heap after
Heap after GC invocations=9 (full 1):
 PSYoungGen      total 236544K, used 11576K [0x0000000795580000, 0x00000007a4d80000, 0x00000007c0000000)
  eden space 224256K, 0% used [0x0000000795580000,0x0000000795580000,0x00000007a3080000)
  from space 12288K, 94% used [0x00000007a3e00000,0x00000007a494e168,0x00000007a4a00000)
  to   space 13824K, 0% used [0x00000007a3080000,0x00000007a3080000,0x00000007a3e00000)
 ParOldGen       total 46592K, used 8205K [0x0000000740000000, 0x0000000742d80000, 0x0000000795580000)
  object space 46592K, 17% used [0x0000000740000000,0x00000007408034c8,0x0000000742d80000)
 Metaspace       used 33474K, capacity 35276K, committed 35456K, reserved 1079296K
  class space    used 4564K, capacity 4923K, committed 4992K, reserved 1048576K
}
Event: 6.439 GC heap before
{Heap before GC invocations=10 (full 2):
 PSYoungGen      total 236544K, used 11576K [0x0000000795580000, 0x00000007a4d80000, 0x00000007c0000000)
  eden space 224256K, 0% used [0x0000000795580000,0x0000000795580000,0x00000007a3080000)
  from space 12288K, 94% used [0x00000007a3e00000,0x00000007a494e168,0x00000007a4a00000)
  to   space 13824K, 0% used [0x00000007a3080000,0x00000007a3080000,0x00000007a3e00000)
 ParOldGen       total 46592K, used 8205K [0x0000000740000000, 0x0000000742d80000, 0x0000000795580000)
  object space 46592K, 17% used [0x0000000740000000,0x00000007408034c8,0x0000000742d80000)
 Metaspace       used 33474K, capacity 35276K, committed 35456K, reserved 1079296K
  class space    used 4564K, capacity 4923K, committed 4992K, reserved 1048576K
Event: 6.488 GC heap after
Heap after GC invocations=10 (full 2):
 PSYoungGen      total 236544K, used 0K [0x0000000795580000, 0x00000007a4d80000, 0x00000007c0000000)
  eden space 224256K, 0% used [0x0000000795580000,0x0000000795580000,0x00000007a3080000)
  from space 12288K, 0% used [0x00000007a3e00000,0x00000007a3e00000,0x00000007a4a00000)
  to   space 13824K, 0% used [0x00000007a3080000,0x00000007a3080000,0x00000007a3e00000)
 ParOldGen       total 65024K, used 16421K [0x0000000740000000, 0x0000000743f80000, 0x0000000795580000)
  object space 65024K, 25% used [0x0000000740000000,0x0000000741009670,0x0000000743f80000)
 Metaspace       used 33474K, capacity 35276K, committed 35456K, reserved 1079296K
  class space    used 4564K, capacity 4923K, committed 4992K, reserved 1048576K
}
Event: 9.572 GC heap before
{Heap before GC invocations=11 (full 2):
 PSYoungGen      total 236544K, used 224256K [0x0000000795580000, 0x00000007a4d80000, 0x00000007c0000000)
  eden space 224256K, 100% used [0x0000000795580000,0x00000007a3080000,0x00000007a3080000)
  from space 12288K, 0% used [0x00000007a3e00000,0x00000007a3e00000,0x00000007a4a00000)
  to   space 13824K, 0% used [0x00000007a3080000,0x00000007a3080000,0x00000007a3e00000)
 ParOldGen       total 65024K, used 16421K [0x0000000740000000, 0x0000000743f80000, 0x0000000795580000)
  object space 65024K, 25% used [0x0000000740000000,0x0000000741009670,0x0000000743f80000)
 Metaspace       used 51749K, capacity 54738K, committed 55040K, reserved 1095680K
  class space    used 7369K, capacity 7887K, committed 7936K, reserved 1048576K
Event: 9.609 GC heap after
Heap after GC invocations=11 (full 2):
 PSYoungGen      total 238080K, used 13795K [0x0000000795580000, 0x00000007abc80000, 0x00000007c0000000)
  eden space 224256K, 0% used [0x0000000795580000,0x0000000795580000,0x00000007a3080000)
  from space 13824K, 99% used [0x00000007a3080000,0x00000007a3df8c40,0x00000007a3e00000)
  to   space 19456K, 0% used [0x00000007aa980000,0x00000007aa980000,0x00000007abc80000)
 ParOldGen       total 65024K, used 25229K [0x0000000740000000, 0x0000000743f80000, 0x0000000795580000)
  object space 65024K, 38% used [0x0000000740000000,0x00000007418a3650,0x0000000743f80000)
 Metaspace       used 51749K, capacity 54738K, committed 55040K, reserved 1095680K
  class space    used 7369K, capacity 7887K, committed 7936K, reserved 1048576K
}
Event: 37.399 GC heap before
{Heap before GC invocations=12 (full 2):
 PSYoungGen      total 238080K, used 90240K [0x0000000795580000, 0x00000007abc80000, 0x00000007c0000000)
  eden space 224256K, 34% used [0x0000000795580000,0x000000079a027418,0x00000007a3080000)
  from space 13824K, 99% used [0x00000007a3080000,0x00000007a3df8c40,0x00000007a3e00000)
  to   space 19456K, 0% used [0x00000007aa980000,0x00000007aa980000,0x00000007abc80000)
 ParOldGen       total 65024K, used 25229K [0x0000000740000000, 0x0000000743f80000, 0x0000000795580000)
  object space 65024K, 38% used [0x0000000740000000,0x00000007418a3650,0x0000000743f80000)
 Metaspace       used 55730K, capacity 58946K, committed 59096K, reserved 1099776K
  class space    used 7899K, capacity 8475K, committed 8576K, reserved 1048576K
Event: 37.417 GC heap after
Heap after GC invocations=12 (full 2):
 PSYoungGen      total 334336K, used 12772K [0x0000000795580000, 0x00000007ab600000, 0x00000007c0000000)
  eden space 321536K, 0% used [0x0000000795580000,0x0000000795580000,0x00000007a8f80000)
  from space 12800K, 99% used [0x00000007aa980000,0x00000007ab5f9318,0x00000007ab600000)
  to   space 19456K, 0% used [0x00000007a9000000,0x00000007a9000000,0x00000007aa300000)
 ParOldGen       total 65024K, used 25237K [0x0000000740000000, 0x0000000743f80000, 0x0000000795580000)
  object space 65024K, 38% used [0x0000000740000000,0x00000007418a5650,0x0000000743f80000)
 Metaspace       used 55730K, capacity 58946K, committed 59096K, reserved 1099776K
  class space    used 7899K, capacity 8475K, committed 8576K, reserved 1048576K
}
Event: 37.417 GC heap before
{Heap before GC invocations=13 (full 3):
 PSYoungGen      total 334336K, used 12772K [0x0000000795580000, 0x00000007ab600000, 0x00000007c0000000)
  eden space 321536K, 0% used [0x0000000795580000,0x0000000795580000,0x00000007a8f80000)
  from space 12800K, 99% used [0x00000007aa980000,0x00000007ab5f9318,0x00000007ab600000)
  to   space 19456K, 0% used [0x00000007a9000000,0x00000007a9000000,0x00000007aa300000)
 ParOldGen       total 65024K, used 25237K [0x0000000740000000, 0x0000000743f80000, 0x0000000795580000)
  object space 65024K, 38% used [0x0000000740000000,0x00000007418a5650,0x0000000743f80000)
 Metaspace       used 55730K, capacity 58946K, committed 59096K, reserved 1099776K
  class space    used 7899K, capacity 8475K, committed 8576K, reserved 1048576K
Event: 37.547 GC heap after
Heap after GC invocations=13 (full 3):
 PSYoungGen      total 334336K, used 0K [0x0000000795580000, 0x00000007ab600000, 0x00000007c0000000)
  eden space 321536K, 0% used [0x0000000795580000,0x0000000795580000,0x00000007a8f80000)
  from space 12800K, 0% used [0x00000007aa980000,0x00000007aa980000,0x00000007ab600000)
  to   space 19456K, 0% used [0x00000007a9000000,0x00000007a9000000,0x00000007aa300000)
 ParOldGen       total 80896K, used 23122K [0x0000000740000000, 0x0000000744f00000, 0x0000000795580000)
  object space 80896K, 28% used [0x0000000740000000,0x00000007416948b8,0x0000000744f00000)
 Metaspace       used 55730K, capacity 58946K, committed 59096K, reserved 1099776K
  class space    used 7899K, capacity 8475K, committed 8576K, reserved 1048576K
}

Deoptimization events (0 events):
No events

Internal exceptions (10 events):
Event: 37.941 Thread 0x00007ff58c2e5800 Exception <a 'java/lang/ArrayIndexOutOfBoundsException'> (0x0000000795b87c48) thrown at [/HUDSON3/workspace/8-2-build-macosx-x86_64/jdk8u60/3267.nc/hotspot/src/share/vm/runtime/sharedRuntime.cpp, line 605]
Event: 37.941 Thread 0x00007ff58c2e5800 Exception <a 'java/lang/ArrayIndexOutOfBoundsException'> (0x0000000795b8a518) thrown at [/HUDSON3/workspace/8-2-build-macosx-x86_64/jdk8u60/3267.nc/hotspot/src/share/vm/runtime/sharedRuntime.cpp, line 605]
Event: 38.064 Thread 0x00007ff58c2e5800 Exception <a 'java/lang/ArrayIndexOutOfBoundsException'> (0x00000007960985e0) thrown at [/HUDSON3/workspace/8-2-build-macosx-x86_64/jdk8u60/3267.nc/hotspot/src/share/vm/runtime/sharedRuntime.cpp, line 605]
Event: 38.065 Thread 0x00007ff58c2e5800 Exception <a 'java/lang/reflect/InvocationTargetException'> (0x000000079609ce68) thrown at [/HUDSON3/workspace/8-2-build-macosx-x86_64/jdk8u60/3267.nc/hotspot/src/share/vm/runtime/reflection.cpp, line 1080]
Event: 38.081 Thread 0x00007ff58c2e5800 Exception <a 'java/lang/ArrayIndexOutOfBoundsException'> (0x00000007961c82d0) thrown at [/HUDSON3/workspace/8-2-build-macosx-x86_64/jdk8u60/3267.nc/hotspot/src/share/vm/runtime/sharedRuntime.cpp, line 605]
Event: 38.081 Thread 0x00007ff58c2e5800 Exception <a 'java/lang/ArrayIndexOutOfBoundsException'> (0x00000007961c9668) thrown at [/HUDSON3/workspace/8-2-build-macosx-x86_64/jdk8u60/3267.nc/hotspot/src/share/vm/runtime/sharedRuntime.cpp, line 605]
Event: 38.085 Thread 0x00007ff58c2e5800 Exception <a 'java/lang/ArrayIndexOutOfBoundsException'> (0x000000079624db00) thrown at [/HUDSON3/workspace/8-2-build-macosx-x86_64/jdk8u60/3267.nc/hotspot/src/share/vm/runtime/sharedRuntime.cpp, line 605]
Event: 38.086 Thread 0x00007ff58c2e5800 Exception <a 'java/lang/ArrayIndexOutOfBoundsException'> (0x000000079625b2d0) thrown at [/HUDSON3/workspace/8-2-build-macosx-x86_64/jdk8u60/3267.nc/hotspot/src/share/vm/runtime/sharedRuntime.cpp, line 605]
Event: 38.106 Thread 0x00007ff58c2e5800 Exception <a 'java/lang/ArrayIndexOutOfBoundsException'> (0x00000007964110e0) thrown at [/HUDSON3/workspace/8-2-build-macosx-x86_64/jdk8u60/3267.nc/hotspot/src/share/vm/runtime/sharedRuntime.cpp, line 605]
Event: 38.111 Thread 0x00007ff58c2e5800 Exception <a 'java/lang/ArrayIndexOutOfBoundsException'> (0x000000079644a1d0) thrown at [/HUDSON3/workspace/8-2-build-macosx-x86_64/jdk8u60/3267.nc/hotspot/src/share/vm/runtime/sharedRuntime.cpp, line 605]

Events (10 events):
Event: 124.072 loading class org/springframework/web/servlet/mvc/method/annotation/HttpEntityMethodProcessor done
Event: 124.073 Executing VM operation: GetObjectMonitorUsage
Event: 124.073 Executing VM operation: GetObjectMonitorUsage done
Event: 135.924 Thread 0x00007ff58dc8a000 Thread exited: 0x00007ff58dc8a000
Event: 184.250 loading class java/net/SocketTimeoutException
Event: 184.250 loading class java/io/InterruptedIOException
Event: 184.250 loading class java/io/InterruptedIOException done
Event: 184.250 loading class java/net/SocketTimeoutException done
Event: 201.131 Executing VM operation: RedefineClasses
Event: 201.162 Executing VM operation: RedefineClasses done


Dynamic libraries:
0x0000000015592000 	/System/Library/Frameworks/Cocoa.framework/Versions/A/Cocoa
0x0000000015592000 	/System/Library/Frameworks/Security.framework/Versions/A/Security
0x0000000015592000 	/System/Library/Frameworks/ApplicationServices.framework/Versions/A/ApplicationServices
0x0000000015592000 	/usr/lib/libz.1.dylib
0x0000000015592000 	/usr/lib/libSystem.B.dylib
0x0000000015592000 	/usr/lib/libobjc.A.dylib
0x0000000015592000 	/System/Library/Frameworks/CoreFoundation.framework/Versions/A/CoreFoundation
0x0000000015592000 	/System/Library/Frameworks/Foundation.framework/Versions/C/Foundation
0x0000000015592000 	/System/Library/Frameworks/AppKit.framework/Versions/C/AppKit
0x0000000015592000 	/System/Library/Frameworks/CoreData.framework/Versions/A/CoreData
0x0000000015592000 	/System/Library/PrivateFrameworks/RemoteViewServices.framework/Versions/A/RemoteViewServices
0x0000000015592000 	/System/Library/PrivateFrameworks/UIFoundation.framework/Versions/A/UIFoundation
0x0000000015592000 	/System/Library/PrivateFrameworks/XCTTargetBootstrap.framework/Versions/A/XCTTargetBootstrap
0x0000000015592000 	/System/Library/Frameworks/CoreDisplay.framework/Versions/A/CoreDisplay
0x0000000015592000 	/System/Library/PrivateFrameworks/IconServices.framework/Versions/A/IconServices
0x0000000015592000 	/System/Library/Frameworks/Metal.framework/Versions/A/Metal
0x0000000015592000 	/System/Library/PrivateFrameworks/DesktopServicesPriv.framework/Versions/A/DesktopServicesPriv
0x0000000015592000 	/usr/lib/libenergytrace.dylib
0x0000000015592000 	/System/Library/PrivateFrameworks/SkyLight.framework/Versions/A/SkyLight
0x0000000015592000 	/System/Library/Frameworks/CoreGraphics.framework/Versions/A/CoreGraphics
0x0000000015592000 	/System/Library/Frameworks/Accelerate.framework/Versions/A/Accelerate
0x0000000015592000 	/System/Library/Frameworks/IOSurface.framework/Versions/A/IOSurface
0x0000000015592000 	/System/Library/PrivateFrameworks/DFRFoundation.framework/Versions/A/DFRFoundation
0x0000000015592000 	/System/Library/Frameworks/AudioToolbox.framework/Versions/A/AudioToolbox
0x0000000015592000 	/System/Library/Frameworks/AudioUnit.framework/Versions/A/AudioUnit
0x0000000015592000 	/System/Library/PrivateFrameworks/DataDetectorsCore.framework/Versions/A/DataDetectorsCore
0x0000000015592000 	/System/Library/Frameworks/Carbon.framework/Versions/A/Frameworks/HIToolbox.framework/Versions/A/HIToolbox
0x0000000015592000 	/usr/lib/libicucore.A.dylib
0x0000000015592000 	/System/Library/Frameworks/QuartzCore.framework/Versions/A/QuartzCore
0x0000000015592000 	/System/Library/Frameworks/Carbon.framework/Versions/A/Frameworks/SpeechRecognition.framework/Versions/A/SpeechRecognition
0x0000000015592000 	/usr/lib/libauto.dylib
0x0000000015592000 	/usr/lib/libxml2.2.dylib
0x0000000015592000 	/System/Library/PrivateFrameworks/CoreUI.framework/Versions/A/CoreUI
0x0000000015592000 	/System/Library/Frameworks/CoreAudio.framework/Versions/A/CoreAudio
0x0000000015592000 	/System/Library/Frameworks/DiskArbitration.framework/Versions/A/DiskArbitration
0x0000000015592000 	/usr/lib/liblangid.dylib
0x0000000015592000 	/System/Library/PrivateFrameworks/MultitouchSupport.framework/Versions/A/MultitouchSupport
0x0000000015592000 	/System/Library/Frameworks/IOKit.framework/Versions/A/IOKit
0x0000000015592000 	/usr/lib/libDiagnosticMessagesClient.dylib
0x0000000015592000 	/System/Library/Frameworks/CoreServices.framework/Versions/A/CoreServices
0x0000000015592000 	/System/Library/PrivateFrameworks/PerformanceAnalysis.framework/Versions/A/PerformanceAnalysis
0x0000000015592000 	/System/Library/Frameworks/OpenGL.framework/Versions/A/OpenGL
0x0000000015592000 	/System/Library/Frameworks/ColorSync.framework/Versions/A/ColorSync
0x0000000015592000 	/System/Library/Frameworks/CoreImage.framework/Versions/A/CoreImage
0x0000000015592000 	/System/Library/Frameworks/CoreText.framework/Versions/A/CoreText
0x0000000015592000 	/System/Library/Frameworks/ImageIO.framework/Versions/A/ImageIO
0x0000000015592000 	/System/Library/PrivateFrameworks/Backup.framework/Versions/A/Backup
0x0000000015592000 	/usr/lib/libarchive.2.dylib
0x0000000015592000 	/System/Library/Frameworks/CFNetwork.framework/Versions/A/CFNetwork
0x0000000015592000 	/System/Library/Frameworks/SystemConfiguration.framework/Versions/A/SystemConfiguration
0x0000000015592000 	/usr/lib/libCRFSuite.dylib
0x0000000015592000 	/usr/lib/libc++.1.dylib
0x0000000015592000 	/usr/lib/libc++abi.dylib
0x0000000015592000 	/usr/lib/system/libcache.dylib
0x0000000015592000 	/usr/lib/system/libcommonCrypto.dylib
0x0000000015592000 	/usr/lib/system/libcompiler_rt.dylib
0x0000000015592000 	/usr/lib/system/libcopyfile.dylib
0x0000000015592000 	/usr/lib/system/libcorecrypto.dylib
0x0000000015592000 	/usr/lib/system/libdispatch.dylib
0x0000000015592000 	/usr/lib/system/libdyld.dylib
0x0000000015592000 	/usr/lib/system/libkeymgr.dylib
0x0000000015592000 	/usr/lib/system/liblaunch.dylib
0x0000000015592000 	/usr/lib/system/libmacho.dylib
0x0000000015592000 	/usr/lib/system/libquarantine.dylib
0x0000000015592000 	/usr/lib/system/libremovefile.dylib
0x0000000015592000 	/usr/lib/system/libsystem_asl.dylib
0x0000000015592000 	/usr/lib/system/libsystem_blocks.dylib
0x0000000015592000 	/usr/lib/system/libsystem_c.dylib
0x0000000015592000 	/usr/lib/system/libsystem_configuration.dylib
0x0000000015592000 	/usr/lib/system/libsystem_coreservices.dylib
0x0000000015592000 	/usr/lib/system/libsystem_darwin.dylib
0x0000000015592000 	/usr/lib/system/libsystem_dnssd.dylib
0x0000000015592000 	/usr/lib/system/libsystem_info.dylib
0x0000000015592000 	/usr/lib/system/libsystem_m.dylib
0x0000000015592000 	/usr/lib/system/libsystem_malloc.dylib
0x0000000015592000 	/usr/lib/system/libsystem_networkextension.dylib
0x0000000015592000 	/usr/lib/system/libsystem_notify.dylib
0x0000000015592000 	/usr/lib/system/libsystem_sandbox.dylib
0x0000000015592000 	/usr/lib/system/libsystem_secinit.dylib
0x0000000015592000 	/usr/lib/system/libsystem_kernel.dylib
0x0000000015592000 	/usr/lib/system/libsystem_platform.dylib
0x0000000015592000 	/usr/lib/system/libsystem_pthread.dylib
0x0000000015592000 	/usr/lib/system/libsystem_symptoms.dylib
0x0000000015592000 	/usr/lib/system/libsystem_trace.dylib
0x0000000015592000 	/usr/lib/system/libunwind.dylib
0x0000000015592000 	/usr/lib/system/libxpc.dylib
0x0000000015592000 	/usr/lib/libbsm.0.dylib
0x0000000015592000 	/usr/lib/system/libkxld.dylib
0x0000000015592000 	/System/Library/PrivateFrameworks/AppleFSCompression.framework/Versions/A/AppleFSCompression
0x0000000015592000 	/usr/lib/libOpenScriptingUtil.dylib
0x0000000015592000 	/usr/lib/libcoretls.dylib
0x0000000015592000 	/usr/lib/libcoretls_cfhelpers.dylib
0x0000000015592000 	/usr/lib/libpam.2.dylib
0x0000000015592000 	/usr/lib/libsqlite3.dylib
0x0000000015592000 	/usr/lib/libxar.1.dylib
0x0000000015592000 	/usr/lib/libbz2.1.0.dylib
0x0000000015592000 	/usr/lib/liblzma.5.dylib
0x0000000015592000 	/usr/lib/libnetwork.dylib
0x0000000015592000 	/usr/lib/libapple_nghttp2.dylib
0x0000000015592000 	/usr/lib/libpcap.A.dylib
0x0000000015592000 	/System/Library/Frameworks/CoreServices.framework/Versions/A/Frameworks/FSEvents.framework/Versions/A/FSEvents
0x0000000015592000 	/System/Library/Frameworks/CoreServices.framework/Versions/A/Frameworks/CarbonCore.framework/Versions/A/CarbonCore
0x0000000015592000 	/System/Library/Frameworks/CoreServices.framework/Versions/A/Frameworks/Metadata.framework/Versions/A/Metadata
0x0000000015592000 	/System/Library/Frameworks/CoreServices.framework/Versions/A/Frameworks/OSServices.framework/Versions/A/OSServices
0x0000000015592000 	/System/Library/Frameworks/CoreServices.framework/Versions/A/Frameworks/SearchKit.framework/Versions/A/SearchKit
0x0000000015592000 	/System/Library/Frameworks/CoreServices.framework/Versions/A/Frameworks/AE.framework/Versions/A/AE
0x0000000015592000 	/System/Library/Frameworks/CoreServices.framework/Versions/A/Frameworks/LaunchServices.framework/Versions/A/LaunchServices
0x0000000015592000 	/System/Library/Frameworks/CoreServices.framework/Versions/A/Frameworks/DictionaryServices.framework/Versions/A/DictionaryServices
0x0000000015592000 	/System/Library/Frameworks/CoreServices.framework/Versions/A/Frameworks/SharedFileList.framework/Versions/A/SharedFileList
0x0000000015592000 	/System/Library/Frameworks/NetFS.framework/Versions/A/NetFS
0x0000000015592000 	/System/Library/PrivateFrameworks/NetAuth.framework/Versions/A/NetAuth
0x0000000015592000 	/System/Library/PrivateFrameworks/login.framework/Versions/A/Frameworks/loginsupport.framework/Versions/A/loginsupport
0x0000000015592000 	/System/Library/PrivateFrameworks/TCC.framework/Versions/A/TCC
0x0000000015592000 	/System/Library/PrivateFrameworks/CoreNLP.framework/Versions/A/CoreNLP
0x0000000015592000 	/System/Library/PrivateFrameworks/MetadataUtilities.framework/Versions/A/MetadataUtilities
0x0000000015592000 	/usr/lib/libmecabra.dylib
0x0000000015592000 	/System/Library/Frameworks/ApplicationServices.framework/Versions/A/Frameworks/ATS.framework/Versions/A/ATS
0x0000000015592000 	/System/Library/Frameworks/ApplicationServices.framework/Versions/A/Frameworks/ColorSyncLegacy.framework/Versions/A/ColorSyncLegacy
0x0000000015592000 	/System/Library/Frameworks/ApplicationServices.framework/Versions/A/Frameworks/HIServices.framework/Versions/A/HIServices
0x0000000015592000 	/System/Library/Frameworks/ApplicationServices.framework/Versions/A/Frameworks/LangAnalysis.framework/Versions/A/LangAnalysis
0x0000000015592000 	/System/Library/Frameworks/ApplicationServices.framework/Versions/A/Frameworks/PrintCore.framework/Versions/A/PrintCore
0x0000000015592000 	/System/Library/Frameworks/ApplicationServices.framework/Versions/A/Frameworks/QD.framework/Versions/A/QD
0x0000000015592000 	/System/Library/Frameworks/ApplicationServices.framework/Versions/A/Frameworks/SpeechSynthesis.framework/Versions/A/SpeechSynthesis
0x0000000015592000 	/usr/lib/libcompression.dylib
0x0000000015592000 	/System/Library/Frameworks/MetalPerformanceShaders.framework/Versions/A/MetalPerformanceShaders
0x0000000015592000 	/System/Library/Frameworks/Accelerate.framework/Versions/A/Frameworks/vImage.framework/Versions/A/vImage
0x0000000015592000 	/System/Library/Frameworks/Accelerate.framework/Versions/A/Frameworks/vecLib.framework/Versions/A/vecLib
0x0000000015592000 	/System/Library/Frameworks/Accelerate.framework/Versions/A/Frameworks/vecLib.framework/Versions/A/libvMisc.dylib
0x0000000015592000 	/System/Library/Frameworks/Accelerate.framework/Versions/A/Frameworks/vecLib.framework/Versions/A/libvDSP.dylib
0x0000000015592000 	/System/Library/Frameworks/Accelerate.framework/Versions/A/Frameworks/vecLib.framework/Versions/A/libBLAS.dylib
0x0000000015592000 	/System/Library/Frameworks/Accelerate.framework/Versions/A/Frameworks/vecLib.framework/Versions/A/libLAPACK.dylib
0x0000000015592000 	/System/Library/Frameworks/Accelerate.framework/Versions/A/Frameworks/vecLib.framework/Versions/A/libLinearAlgebra.dylib
0x0000000015592000 	/System/Library/Frameworks/Accelerate.framework/Versions/A/Frameworks/vecLib.framework/Versions/A/libSparseBLAS.dylib
0x0000000015592000 	/System/Library/Frameworks/Accelerate.framework/Versions/A/Frameworks/vecLib.framework/Versions/A/libQuadrature.dylib
0x0000000015592000 	/System/Library/Frameworks/Accelerate.framework/Versions/A/Frameworks/vecLib.framework/Versions/A/libBNNS.dylib
0x0000000015592000 	/System/Library/Frameworks/Accelerate.framework/Versions/A/Frameworks/vecLib.framework/Versions/A/libSparse.dylib
0x0000000015592000 	/System/Library/PrivateFrameworks/GPUWrangler.framework/Versions/A/GPUWrangler
0x0000000015592000 	/System/Library/PrivateFrameworks/IOAccelerator.framework/Versions/A/IOAccelerator
0x0000000015592000 	/System/Library/PrivateFrameworks/IOPresentment.framework/Versions/A/IOPresentment
0x0000000015592000 	/System/Library/PrivateFrameworks/DSExternalDisplay.framework/Versions/A/DSExternalDisplay
0x0000000015592000 	/System/Library/Frameworks/OpenGL.framework/Versions/A/Libraries/libCoreFSCache.dylib
0x0000000015592000 	/System/Library/Frameworks/MetalPerformanceShaders.framework/Frameworks/MPSCore.framework/Versions/A/MPSCore
0x0000000015592000 	/System/Library/Frameworks/MetalPerformanceShaders.framework/Frameworks/MPSImage.framework/Versions/A/MPSImage
0x0000000015592000 	/System/Library/Frameworks/MetalPerformanceShaders.framework/Frameworks/MPSNeuralNetwork.framework/Versions/A/MPSNeuralNetwork
0x0000000015592000 	/System/Library/Frameworks/MetalPerformanceShaders.framework/Frameworks/MPSMatrix.framework/Versions/A/MPSMatrix
0x0000000015592000 	/System/Library/Frameworks/MetalPerformanceShaders.framework/Frameworks/MPSRayIntersector.framework/Versions/A/MPSRayIntersector
0x0000000015592000 	/System/Library/PrivateFrameworks/MetalTools.framework/Versions/A/MetalTools
0x0000000015592000 	/System/Library/PrivateFrameworks/AggregateDictionary.framework/Versions/A/AggregateDictionary
0x0000000015592000 	/usr/lib/libMobileGestalt.dylib
0x0000000015592000 	/System/Library/Frameworks/CoreVideo.framework/Versions/A/CoreVideo
0x0000000015592000 	/System/Library/PrivateFrameworks/GraphVisualizer.framework/Versions/A/GraphVisualizer
0x0000000015592000 	/System/Library/PrivateFrameworks/FaceCore.framework/Versions/A/FaceCore
0x0000000015592000 	/System/Library/Frameworks/OpenCL.framework/Versions/A/OpenCL
0x0000000015592000 	/usr/lib/libFosl_dynamic.dylib
0x0000000015592000 	/System/Library/PrivateFrameworks/OTSVG.framework/Versions/A/OTSVG
0x0000000015592000 	/System/Library/Frameworks/ApplicationServices.framework/Versions/A/Frameworks/ATS.framework/Versions/A/Resources/libFontParser.dylib
0x0000000015592000 	/System/Library/Frameworks/ApplicationServices.framework/Versions/A/Frameworks/ATS.framework/Versions/A/Resources/libFontRegistry.dylib
0x0000000015592000 	/System/Library/Frameworks/ImageIO.framework/Versions/A/Resources/libJPEG.dylib
0x0000000015592000 	/System/Library/Frameworks/ImageIO.framework/Versions/A/Resources/libTIFF.dylib
0x0000000015592000 	/System/Library/Frameworks/ImageIO.framework/Versions/A/Resources/libPng.dylib
0x0000000015592000 	/System/Library/Frameworks/ImageIO.framework/Versions/A/Resources/libGIF.dylib
0x0000000015592000 	/System/Library/Frameworks/ImageIO.framework/Versions/A/Resources/libJP2.dylib
0x0000000015592000 	/System/Library/Frameworks/ImageIO.framework/Versions/A/Resources/libRadiance.dylib
0x0000000015592000 	/System/Library/PrivateFrameworks/AppleJPEG.framework/Versions/A/AppleJPEG
0x0000000015592000 	/System/Library/Frameworks/OpenGL.framework/Versions/A/Libraries/libGFXShared.dylib
0x0000000015592000 	/System/Library/Frameworks/OpenGL.framework/Versions/A/Libraries/libGLU.dylib
0x0000000015592000 	/System/Library/Frameworks/OpenGL.framework/Versions/A/Libraries/libGL.dylib
0x0000000015592000 	/System/Library/Frameworks/OpenGL.framework/Versions/A/Libraries/libGLImage.dylib
0x0000000015592000 	/System/Library/Frameworks/OpenGL.framework/Versions/A/Libraries/libCVMSPluginSupport.dylib
0x0000000015592000 	/System/Library/Frameworks/OpenGL.framework/Versions/A/Libraries/libCoreVMClient.dylib
0x0000000015592000 	/usr/lib/libcups.2.dylib
0x0000000015592000 	/System/Library/Frameworks/Kerberos.framework/Versions/A/Kerberos
0x0000000015592000 	/System/Library/Frameworks/GSS.framework/Versions/A/GSS
0x0000000015592000 	/usr/lib/libresolv.9.dylib
0x0000000015592000 	/usr/lib/libiconv.2.dylib
0x0000000015592000 	/System/Library/PrivateFrameworks/Heimdal.framework/Versions/A/Heimdal
0x0000000015592000 	/usr/lib/libheimdal-asn1.dylib
0x0000000015592000 	/System/Library/Frameworks/OpenDirectory.framework/Versions/A/OpenDirectory
0x0000000015592000 	/System/Library/PrivateFrameworks/CommonAuth.framework/Versions/A/CommonAuth
0x0000000015592000 	/System/Library/Frameworks/OpenDirectory.framework/Versions/A/Frameworks/CFOpenDirectory.framework/Versions/A/CFOpenDirectory
0x0000000015592000 	/System/Library/Frameworks/SecurityFoundation.framework/Versions/A/SecurityFoundation
0x0000000015592000 	/System/Library/PrivateFrameworks/APFS.framework/Versions/A/APFS
0x0000000015592000 	/usr/lib/libutil.dylib
0x0000000015592000 	/usr/lib/libcharset.1.dylib
0x0000000015592000 	/System/Library/PrivateFrameworks/AppleSauce.framework/Versions/A/AppleSauce
0x0000000015592000 	/System/Library/PrivateFrameworks/AssertionServices.framework/Versions/A/AssertionServices
0x0000000015592000 	/System/Library/PrivateFrameworks/BaseBoard.framework/Versions/A/BaseBoard
0x0000000015592000 	/usr/lib/libmecab.1.0.0.dylib
0x0000000015592000 	/usr/lib/libgermantok.dylib
0x0000000015592000 	/usr/lib/libThaiTokenizer.dylib
0x0000000015592000 	/usr/lib/libChineseTokenizer.dylib
0x0000000015592000 	/System/Library/PrivateFrameworks/LanguageModeling.framework/Versions/A/LanguageModeling
0x0000000015592000 	/System/Library/PrivateFrameworks/CoreEmoji.framework/Versions/A/CoreEmoji
0x0000000015592000 	/System/Library/PrivateFrameworks/Lexicon.framework/Versions/A/Lexicon
0x0000000015592000 	/System/Library/PrivateFrameworks/LinguisticData.framework/Versions/A/LinguisticData
0x0000000015592000 	/usr/lib/libcmph.dylib
0x0000000015592000 	/System/Library/Frameworks/ServiceManagement.framework/Versions/A/ServiceManagement
0x0000000015592000 	/System/Library/PrivateFrameworks/BackgroundTaskManagement.framework/Versions/A/BackgroundTaskManagement
0x0000000015592000 	/usr/lib/libxslt.1.dylib
0x0000000015592000 	/System/Library/Frameworks/Carbon.framework/Versions/A/Frameworks/Ink.framework/Versions/A/Ink
0x0000000015592000 	/System/Library/PrivateFrameworks/TextureIO.framework/Versions/A/TextureIO
0x0000000015592000 	/usr/lib/libate.dylib
0x0000000015592000 	/System/Library/PrivateFrameworks/CrashReporterSupport.framework/Versions/A/CrashReporterSupport
0x0000000015592000 	/System/Library/PrivateFrameworks/Sharing.framework/Versions/A/Sharing
0x0000000015592000 	/System/Library/PrivateFrameworks/AuthKit.framework/Versions/A/AuthKit
0x0000000015592000 	/System/Library/PrivateFrameworks/Apple80211.framework/Versions/A/Apple80211
0x0000000015592000 	/System/Library/PrivateFrameworks/CoreUtils.framework/Versions/A/CoreUtils
0x0000000015592000 	/System/Library/Frameworks/CoreWLAN.framework/Versions/A/CoreWLAN
0x0000000015592000 	/System/Library/Frameworks/IOBluetooth.framework/Versions/A/IOBluetooth
0x0000000015592000 	/System/Library/PrivateFrameworks/ProtocolBuffer.framework/Versions/A/ProtocolBuffer
0x0000000015592000 	/System/Library/PrivateFrameworks/MobileKeyBag.framework/Versions/A/MobileKeyBag
0x0000000015592000 	/System/Library/PrivateFrameworks/CorePhoneNumbers.framework/Versions/A/CorePhoneNumbers
0x0000000015592000 	/System/Library/PrivateFrameworks/AppleIDAuthSupport.framework/Versions/A/AppleIDAuthSupport
0x0000000015592000 	/System/Library/PrivateFrameworks/KeychainCircle.framework/Versions/A/KeychainCircle
0x0000000015592000 	/System/Library/PrivateFrameworks/ROCKit.framework/Versions/A/ROCKit
0x0000000015592000 	/System/Library/PrivateFrameworks/CoreWiFi.framework/Versions/A/CoreWiFi
0x0000000015592000 	/System/Library/Frameworks/CoreBluetooth.framework/Versions/A/CoreBluetooth
0x0000000015592000 	/System/Library/PrivateFrameworks/DebugSymbols.framework/Versions/A/DebugSymbols
0x0000000015592000 	/System/Library/PrivateFrameworks/CoreSymbolication.framework/Versions/A/CoreSymbolication
0x0000000015592000 	/System/Library/PrivateFrameworks/Symbolication.framework/Versions/A/Symbolication
0x0000000015592000 	/System/Library/PrivateFrameworks/SpeechRecognitionCore.framework/Versions/A/SpeechRecognitionCore
0x0000000104a00000 	/Library/Java/JavaVirtualMachines/jdk1.8.0_60.jdk/Contents/Home/jre/lib/server/libjvm.dylib
0x0000000015592000 	/usr/lib/libstdc++.6.dylib
0x000000010404e000 	/Library/Java/JavaVirtualMachines/jdk1.8.0_60.jdk/Contents/Home/jre/lib/libverify.dylib
0x000000010405c000 	/Library/Java/JavaVirtualMachines/jdk1.8.0_60.jdk/Contents/Home/jre/lib/libjava.dylib
0x0000000104092000 	/Library/Java/JavaVirtualMachines/jdk1.8.0_60.jdk/Contents/Home/jre/lib/libjdwp.dylib
0x00000001040dd000 	/Library/Java/JavaVirtualMachines/jdk1.8.0_60.jdk/Contents/Home/jre/lib/libnpt.dylib
0x000000010412a000 	/Library/Java/JavaVirtualMachines/jdk1.8.0_60.jdk/Contents/Home/jre/lib/libzip.dylib
0x0000000015592000 	/System/Library/Frameworks/JavaVM.framework/Versions/A/Frameworks/JavaRuntimeSupport.framework/Versions/A/JavaRuntimeSupport
0x0000000015592000 	/System/Library/Frameworks/JavaVM.framework/Versions/A/Frameworks/JavaNativeFoundation.framework/Versions/A/JavaNativeFoundation
0x0000000015592000 	/System/Library/Frameworks/JavaVM.framework/Versions/A/JavaVM
0x0000000015592000 	/System/Library/Frameworks/Carbon.framework/Versions/A/Carbon
0x0000000015592000 	/System/Library/PrivateFrameworks/JavaLaunching.framework/Versions/A/JavaLaunching
0x0000000015592000 	/System/Library/Frameworks/Carbon.framework/Versions/A/Frameworks/CommonPanels.framework/Versions/A/CommonPanels
0x0000000015592000 	/System/Library/Frameworks/Carbon.framework/Versions/A/Frameworks/Help.framework/Versions/A/Help
0x0000000015592000 	/System/Library/Frameworks/Carbon.framework/Versions/A/Frameworks/ImageCapture.framework/Versions/A/ImageCapture
0x0000000015592000 	/System/Library/Frameworks/Carbon.framework/Versions/A/Frameworks/OpenScripting.framework/Versions/A/OpenScripting
0x0000000015592000 	/System/Library/Frameworks/Carbon.framework/Versions/A/Frameworks/Print.framework/Versions/A/Print
0x0000000015592000 	/System/Library/Frameworks/Carbon.framework/Versions/A/Frameworks/SecurityHI.framework/Versions/A/SecurityHI
0x000000011ccfd000 	/Library/Java/JavaVirtualMachines/jdk1.8.0_60.jdk/Contents/Home/jre/lib/libdt_socket.dylib
0x000000011cd04000 	/Library/Java/JavaVirtualMachines/jdk1.8.0_60.jdk/Contents/Home/jre/lib/libmanagement.dylib
0x000000011cd11000 	/Library/Java/JavaVirtualMachines/jdk1.8.0_60.jdk/Contents/Home/jre/lib/libnet.dylib
0x000000011cd70000 	/Library/Java/JavaVirtualMachines/jdk1.8.0_60.jdk/Contents/Home/jre/lib/libnio.dylib

VM Arguments:
jvm_args: -agentlib:jdwp=transport=dt_socket,suspend=y,address=localhost:63477 -Dcom.sun.management.jmxremote -Dcom.sun.management.jmxremote.port=63475 -Dcom.sun.management.jmxremote.authenticate=false -Dcom.sun.management.jmxremote.ssl=false -Djava.rmi.server.hostname=localhost -Dspring.jmx.enabled=true -Dspring.application.admin.enabled=true -Djava.security.egd=file:/dev/./urandom -Xverify:none -XX:TieredStopAtLevel=1 -Dspring.boot.project.name=PollStation -Dfile.encoding=UTF-8 
java_command: com.poll.server.PollStationApplication --spring.output.ansi.enabled=always
java_class_path (initial): /Users/bradluken/Documents/workspace-spring-tool-suite-4-4.5.1.RELEASE/PollStation/target/classes:/Users/bradluken/.m2/repository/org/springframework/boot/spring-boot-starter-data-jpa/2.2.1.RELEASE/spring-boot-starter-data-jpa-2.2.1.RELEASE.jar:/Users/bradluken/.m2/repository/org/springframework/boot/spring-boot-starter-aop/2.2.1.RELEASE/spring-boot-starter-aop-2.2.1.RELEASE.jar:/Users/bradluken/.m2/repository/org/aspectj/aspectjweaver/1.9.4/aspectjweaver-1.9.4.jar:/Users/bradluken/.m2/repository/jakarta/activation/jakarta.activation-api/1.2.1/jakarta.activation-api-1.2.1.jar:/Users/bradluken/.m2/repository/jakarta/persistence/jakarta.persistence-api/2.2.3/jakarta.persistence-api-2.2.3.jar:/Users/bradluken/.m2/repository/jakarta/transaction/jakarta.transaction-api/1.3.3/jakarta.transaction-api-1.3.3.jar:/Users/bradluken/.m2/repository/org/hibernate/hibernate-core/5.4.8.Final/hibernate-core-5.4.8.Final.jar:/Users/bradluken/.m2/repository/org/jboss/logging/jboss-logging/3.4.1.Final/jboss-logging-3.4.1.Final.jar:/Users/bradluken/.m2/repository/org/javassist/javassist/3.24.0-GA/javassist-3.24.0-GA.jar:/Users/bradluken/.m2/repository/net/bytebuddy/byte-buddy/1.10.2/byte-buddy-1.10.2.jar:/Users/bradluken/.m2/repository/antlr/antlr/2.7.7/antlr-2.7.7.jar:/Users/bradluken/.m2/repository/org/jboss/jandex/2.0.5.Final/jandex-2.0.5.Final.jar:/Users/bradluken/.m2/repository/com/fasterxml/classmate/1.5.1/classmate-1.5.1.jar:/Users/bradluken/.m2/repository/org/dom4j/dom4j/2.1.1/dom4j-2.1.1.jar:/Users/bradluken/.m2/repository/org/hibernate/common/hibernate-commons-annotations/5.1.0.Final/hibernate-commons-annotations-5.1.0.Final.jar:/Users/bradluken/.m2/repository/org/glassfish/jaxb/jaxb-runtime/2.3.2/jaxb-runtime-2.3.2.jar:/Users/bradluken/.m2/repository/org/glassfish/jaxb/txw2/2.3.2/txw2-2.3.2.jar:/Users/bradluken/.m2/repository/com/sun/istack/istack-commons-runtime/3.0.8/istack-commons-runtime-3.0.8.jar:/Users/bradluken/.m2/repository/org/jvnet/staxex
Launcher Type: SUN_STANDARD

Environment Variables:
PATH=/usr/bin:/bin:/usr/sbin:/sbin
SHELL=/bin/bash

Signal Handlers:
SIGSEGV: [libjvm.dylib+0x597013], sa_mask[0]=11111111011111110111111111111111, sa_flags=SA_ONSTACK|SA_RESTART|SA_SIGINFO
SIGBUS: [libjvm.dylib+0x597013], sa_mask[0]=11111111011111110111111111111111, sa_flags=SA_RESTART|SA_SIGINFO
SIGFPE: [libjvm.dylib+0x473ed8], sa_mask[0]=11111111011111110111111111111111, sa_flags=SA_RESTART|SA_SIGINFO
SIGPIPE: [libjvm.dylib+0x473ed8], sa_mask[0]=11111111011111110111111111111111, sa_flags=SA_RESTART|SA_SIGINFO
SIGXFSZ: [libjvm.dylib+0x473ed8], sa_mask[0]=11111111011111110111111111111111, sa_flags=SA_RESTART|SA_SIGINFO
SIGILL: [libjvm.dylib+0x473ed8], sa_mask[0]=11111111011111110111111111111111, sa_flags=SA_RESTART|SA_SIGINFO
SIGUSR1: SIG_DFL, sa_mask[0]=00000000000000000000000000000000, sa_flags=none
SIGUSR2: [libjvm.dylib+0x4739f6], sa_mask[0]=00100000000000000000000000000000, sa_flags=SA_RESTART|SA_SIGINFO
SIGHUP: [libjvm.dylib+0x471fcd], sa_mask[0]=11111111011111110111111111111111, sa_flags=SA_RESTART|SA_SIGINFO
SIGINT: [libjvm.dylib+0x471fcd], sa_mask[0]=11111111011111110111111111111111, sa_flags=SA_RESTART|SA_SIGINFO
SIGTERM: [libjvm.dylib+0x471fcd], sa_mask[0]=11111111011111110111111111111111, sa_flags=SA_RESTART|SA_SIGINFO
SIGQUIT: [libjvm.dylib+0x471fcd], sa_mask[0]=11111111011111110111111111111111, sa_flags=SA_RESTART|SA_SIGINFO


---------------  S Y S T E M  ---------------

OS:Bsduname:Darwin 18.7.0 Darwin Kernel Version 18.7.0: Thu Jan 23 06:52:12 PST 2020; root:xnu-4903.278.25~1/RELEASE_X86_64 x86_64
rlimit: STACK 8192k, CORE 0k, NPROC 709, NOFILE 10240, AS infinity
load average:1.97 2.09 2.00

CPU:total 4 (4 cores per cpu, 1 threads per core) family 6 model 58 stepping 9, cmov, cx8, fxsr, mmx, sse, sse2, sse3, ssse3, sse4.1, sse4.2, popcnt, avx, aes, clmul, erms, tsc, tscinvbit, tscinv

Memory: 4k page, physical 8388608k(19188k free)

/proc/meminfo:


vm_info: Java HotSpot(TM) 64-Bit Server VM (25.60-b08) for bsd-amd64 JRE (1.8.0_60-ea-b08), built on Mar 24 2015 18:05:17 by "java_re" with gcc 4.2.1 (Based on Apple Inc. build 5658) (LLVM build 2336.11.00)

time: Wed Oct 14 14:06:13 2020
elapsed time: 201 seconds (0d 0h 3m 21s)

