#
# A fatal error has been detected by the Java Runtime Environment:
#
#  SIGSEGV (0xb) at pc=0x000000010863aadc, pid=24750, tid=17671
#
# JRE version: Java(TM) SE Runtime Environment (8.0_60-b08) (build 1.8.0_60-ea-b08)
# Java VM: Java HotSpot(TM) 64-Bit Server VM (25.60-b08 mixed mode bsd-amd64 compressed oops)
# Problematic frame:
# V  [libjvm.dylib+0x43aadc]
#
# Failed to write core dump. Core dumps have been disabled. To enable core dumping, try "ulimit -c unlimited" before starting Java again
#
# If you would like to submit a bug report, please visit:
#   http://bugreport.java.com/bugreport/crash.jsp
#

---------------  T H R E A D  ---------------

Current thread (0x00007fb050070000):  JavaThread "JDWP Transport Listener: dt_socket" daemon [_thread_in_vm, id=17671, stack(0x000070000bf19000,0x000070000c019000)]

siginfo: si_signo: 11 (SIGSEGV), si_code: 0 (unknown), si_addr: 0x0000000000000000

Registers:
RAX=0x0000000000000001, RBX=0x000070000c018aab, RCX=0x0000000108a030f0, RDX=0x000070000c018aab
RSP=0x000070000c0189f0, RBP=0x000070000c018a00, RSI=0x00007fb050070000, RDI=0x73612f6b726f0002
R8 =0x0000000000000005, R9 =0x00007fb05117b880, R10=0x0000000000000006, R11=0x0000000000000006
R12=0x00007fb050070000, R13=0x73612f6b726f0002, R14=0x73612f6b726f0002, R15=0x00007fb04e701740
RIP=0x000000010863aadc, EFLAGS=0x0000000000010202, ERR=0x0000000000000000
  TRAPNO=0x000000000000000d

Top of Stack: (sp=0x000070000c0189f0)
0x000070000c0189f0:   000070000c018aab 000070000c018aab
0x000070000c018a00:   000070000c018a60 000000010854ad56
0x000070000c018a10:   00007fb050070000 0000000000000000
0x000070000c018a20:   0000000000000000 0000000000000000
0x000070000c018a30:   00007fb050070000 00007fb050070000
0x000070000c018a40:   000070000c018aab 000070000c018ab0
0x000070000c018a50:   73612f6b726f0002 0000000000000002
0x000070000c018a60:   000070000c018a80 0000000109192780
0x000070000c018a70:   0000000000000001 000070000c018b28
0x000070000c018a80:   000070000c018af0 00000001091771f3
0x000070000c018a90:   000070000c018ac0 00007fb05117c740
0x000070000c018aa0:   0000000300000032 0000000100018b28
0x000070000c018ab0:   0000000000000000 0000000000000000
0x000070000c018ac0:   0000000000000000 000070000c018cb0
0x000070000c018ad0:   0000000109199e7a 00007fb04e43cc60
0x000070000c018ae0:   000070000c018b28 00000001091a5598
0x000070000c018af0:   000070000c018b00 00000001091772ec
0x000070000c018b00:   000070000c018d20 0000000109180898
0x000070000c018b10:   0000f77800000013 00000000000f0200
0x000070000c018b20:   00007fb050fdfd20 000070000c018c68
0x000070000c018b30:   000000000000003c 000070000c018b40
0x000070000c018b40:   00000000000000f0 000070000c018b78
0x000070000c018b50:   0000000000000000 00007f0000000000
0x000070000c018b60:   0000f7780000001c 00007fb00000f480
0x000070000c018b70:   000070000c018b78 b07f000003000000
0x000070000c018b80:   0600000010899950 00003e74696e693c
0x000070000c018b90:   0000005629280300 7f00000100000000
0x000070000c018ba0:   00000028899950b0 657473696765720c
0x000070000c018bb0:   0000007265735572 702f6d6f634c2852
0x000070000c018bc0:   767265732f6c6c6f 6f6c7961702f7265
0x000070000c018bd0:   556e6769532f6461 7473657571655270
0x000070000c018be0:   732f67726f4c293b 617266676e697270 

Instructions: (pc=0x000000010863aadc)
0x000000010863aabc:   40 48 48 85 c0 75 e0 30 c0 0f b6 c0 5d c3 31 c0
0x000000010863aacc:   5d c3 55 48 89 e5 53 48 83 ec 08 48 85 ff 74 24
0x000000010863aadc:   48 8b 1f 48 85 db 74 1c 48 83 fb 37 74 16 48 8b
0x000000010863aaec:   03 48 89 df ff 50 10 84 c0 b8 00 00 00 00 48 0f 

Register to memory mapping:

RAX=0x0000000000000001 is an unknown value
RBX=0x000070000c018aab is pointing into the stack for thread: 0x00007fb050070000
RCX=0x0000000108a030f0: UseMembar+0 in /Library/Java/JavaVirtualMachines/jdk1.8.0_60.jdk/Contents/Home/jre/lib/server/libjvm.dylib at 0x0000000108200000
RDX=0x000070000c018aab is pointing into the stack for thread: 0x00007fb050070000
RSP=0x000070000c0189f0 is pointing into the stack for thread: 0x00007fb050070000
RBP=0x000070000c018a00 is pointing into the stack for thread: 0x00007fb050070000
RSI=0x00007fb050070000 is a thread
RDI=0x73612f6b726f0002 is an unknown value
R8 =0x0000000000000005 is an unknown value
R9 =0x00007fb05117b880 is an unknown value
R10=0x0000000000000006 is an unknown value
R11=0x0000000000000006 is an unknown value
R12=0x00007fb050070000 is a thread
R13=0x73612f6b726f0002 is an unknown value
R14=0x73612f6b726f0002 is an unknown value
R15=0x00007fb04e701740 is an unknown value


Stack: [0x000070000bf19000,0x000070000c019000],  sp=0x000070000c0189f0,  free space=1022k
Native frames: (J=compiled Java code, j=interpreted, Vv=VM code, C=native code)
V  [libjvm.dylib+0x43aadc]
V  [libjvm.dylib+0x34ad56]
C  [libjdwp.dylib+0x20780]  isMethodSynthetic+0x63
C  [libjdwp.dylib+0x51f3]  methods1+0x10b
C  [libjdwp.dylib+0x52ec]  methodsWithGeneric+0xe
C  [libjdwp.dylib+0xe898]  debugLoop_run+0x1ce
C  [libjdwp.dylib+0x1f6ba]  attachThread+0x4d
V  [libjvm.dylib+0x38bd04]
V  [libjvm.dylib+0x551d0f]
V  [libjvm.dylib+0x55340a]
V  [libjvm.dylib+0x47684e]
C  [libsystem_pthread.dylib+0x32eb]  _pthread_body+0x7e
C  [libsystem_pthread.dylib+0x6249]  _pthread_start+0x42
C  [libsystem_pthread.dylib+0x240d]  thread_start+0xd
C  0x0000000000000000


---------------  P R O C E S S  ---------------

Java Threads: ( => current thread )
  0x00007fb04eb70000 JavaThread "DestroyJavaVM" [_thread_blocked, id=9731, stack(0x000070000b5fe000,0x000070000b6fe000)]
  0x00007fb050622000 JavaThread "http-nio-8080-Acceptor" daemon [_thread_in_native, id=26627, stack(0x000070000e385000,0x000070000e485000)]
  0x00007fb04eb71800 JavaThread "http-nio-8080-ClientPoller" daemon [_thread_in_native, id=26371, stack(0x000070000e282000,0x000070000e382000)]
  0x00007fb04fd49800 JavaThread "http-nio-8080-exec-10" daemon [_thread_blocked, id=35843, stack(0x000070000e17f000,0x000070000e27f000)]
  0x00007fb04eb6d800 JavaThread "http-nio-8080-exec-9" daemon [_thread_blocked, id=36355, stack(0x000070000e07c000,0x000070000e17c000)]
  0x00007fb04fd0c000 JavaThread "http-nio-8080-exec-8" daemon [_thread_blocked, id=36611, stack(0x000070000df79000,0x000070000e079000)]
  0x00007fb050482000 JavaThread "http-nio-8080-exec-7" daemon [_thread_blocked, id=25859, stack(0x000070000de76000,0x000070000df76000)]
  0x00007fb04eb6c800 JavaThread "http-nio-8080-exec-6" daemon [_thread_blocked, id=37123, stack(0x000070000dd73000,0x000070000de73000)]
  0x00007fb04fd09000 JavaThread "http-nio-8080-exec-5" daemon [_thread_blocked, id=37635, stack(0x000070000dc70000,0x000070000dd70000)]
  0x00007fb050483800 JavaThread "http-nio-8080-exec-4" daemon [_thread_blocked, id=38147, stack(0x000070000db6d000,0x000070000dc6d000)]
  0x00007fb04eb6c000 JavaThread "http-nio-8080-exec-3" daemon [_thread_blocked, id=38659, stack(0x000070000da6a000,0x000070000db6a000)]
  0x00007fb04fba1000 JavaThread "http-nio-8080-exec-2" daemon [_thread_blocked, id=25347, stack(0x000070000d967000,0x000070000da67000)]
  0x00007fb04eb6b000 JavaThread "http-nio-8080-exec-1" daemon [_thread_blocked, id=24835, stack(0x000070000d864000,0x000070000d964000)]
  0x00007fb04fd0b000 JavaThread "http-nio-8080-BlockPoller" daemon [_thread_in_native, id=39943, stack(0x000070000d458000,0x000070000d558000)]
  0x00007fb050412000 JavaThread "container-0" [_thread_blocked, id=39171, stack(0x000070000d761000,0x000070000d861000)]
  0x00007fb050446000 JavaThread "Catalina-utility-2" [_thread_blocked, id=39427, stack(0x000070000d65e000,0x000070000d75e000)]
  0x00007fb04f9c3800 JavaThread "Catalina-utility-1" [_thread_blocked, id=24067, stack(0x000070000d55b000,0x000070000d65b000)]
  0x00007fb04fac5800 JavaThread "HikariPool-1 housekeeper" daemon [_thread_blocked, id=23555, stack(0x000070000d355000,0x000070000d455000)]
  0x00007fb04fab7000 JavaThread "PostgreSQL-JDBC-SharedTimer-1" daemon [_thread_blocked, id=40707, stack(0x000070000d252000,0x000070000d352000)]
  0x00007fb050410800 JavaThread "mysql-cj-abandoned-connection-cleanup" daemon [_thread_blocked, id=11787, stack(0x000070000d14f000,0x000070000d24f000)]
  0x00007fb05039b000 JavaThread "RMI TCP Connection(idle)" daemon [_thread_blocked, id=22795, stack(0x000070000ce46000,0x000070000cf46000)]
  0x00007fb04fa6a800 JavaThread "Attach Listener" daemon [_thread_blocked, id=23043, stack(0x000070000cf49000,0x000070000d049000)]
  0x00007fb04e8d5000 JavaThread "JMX server connection timeout 19" daemon [_thread_blocked, id=22531, stack(0x000070000cd43000,0x000070000ce43000)]
  0x00007fb050227800 JavaThread "RMI TCP Connection(12)-127.0.0.1" daemon [_thread_in_native, id=42499, stack(0x000070000cc40000,0x000070000cd40000)]
  0x00007fb04e8cc800 JavaThread "RMI Scheduler(0)" daemon [_thread_blocked, id=22275, stack(0x000070000cb3d000,0x000070000cc3d000)]
  0x00007fb04f144800 JavaThread "RMI TCP Accept-0" daemon [_thread_in_native, id=14851, stack(0x000070000c834000,0x000070000c934000)]
  0x00007fb04f134000 JavaThread "RMI TCP Accept-53224" daemon [_thread_in_native, id=14083, stack(0x000070000c731000,0x000070000c831000)]
  0x00007fb050210800 JavaThread "RMI TCP Accept-0" daemon [_thread_in_native, id=15363, stack(0x000070000c62e000,0x000070000c72e000)]
  0x00007fb04f80e800 JavaThread "Service Thread" daemon [_thread_blocked, id=15619, stack(0x000070000c52b000,0x000070000c62b000)]
  0x00007fb04f80c000 JavaThread "C1 CompilerThread2" daemon [_thread_blocked, id=15875, stack(0x000070000c428000,0x000070000c528000)]
  0x00007fb04e81b800 JavaThread "C2 CompilerThread1" daemon [_thread_blocked, id=13315, stack(0x000070000c325000,0x000070000c425000)]
  0x00007fb04e81d000 JavaThread "C2 CompilerThread0" daemon [_thread_blocked, id=16387, stack(0x000070000c222000,0x000070000c322000)]
  0x00007fb04f800800 JavaThread "JDWP Command Reader" daemon [_thread_in_native, id=12803, stack(0x000070000c11f000,0x000070000c21f000)]
  0x00007fb04e81b000 JavaThread "JDWP Event Helper Thread" daemon [_thread_blocked, id=17155, stack(0x000070000c01c000,0x000070000c11c000)]
=>0x00007fb050070000 JavaThread "JDWP Transport Listener: dt_socket" daemon [_thread_in_vm, id=17671, stack(0x000070000bf19000,0x000070000c019000)]
  0x00007fb05006f800 JavaThread "Signal Dispatcher" daemon [_thread_blocked, id=18179, stack(0x000070000be16000,0x000070000bf16000)]
  0x00007fb050043000 JavaThread "Finalizer" daemon [_thread_blocked, id=19971, stack(0x000070000bd13000,0x000070000be13000)]
  0x00007fb04e807800 JavaThread "Reference Handler" daemon [_thread_blocked, id=20227, stack(0x000070000bc10000,0x000070000bd10000)]

Other Threads:
  0x00007fb050042000 VMThread [stack: 0x000070000bb0d000,0x000070000bc0d000] [id=11011]
  0x00007fb04e8c5800 WatcherThread [stack: 0x000070000c937000,0x000070000ca37000] [id=21763]

VM state:not at safepoint (normal execution)

VM Mutex/Monitor currently owned by a thread: None

Heap:
 PSYoungGen      total 329216K, used 20681K [0x0000000795580000, 0x00000007ab180000, 0x00000007c0000000)
  eden space 316416K, 6% used [0x0000000795580000,0x00000007969b2758,0x00000007a8a80000)
  from space 12800K, 0% used [0x00000007aa500000,0x00000007aa500000,0x00000007ab180000)
  to   space 19456K, 0% used [0x00000007a8b80000,0x00000007a8b80000,0x00000007a9e80000)
 ParOldGen       total 82432K, used 22769K [0x0000000740000000, 0x0000000745080000, 0x0000000795580000)
  object space 82432K, 27% used [0x0000000740000000,0x000000074163c488,0x0000000745080000)
 Metaspace       used 56160K, capacity 59364K, committed 59480K, reserved 1099776K
  class space    used 7977K, capacity 8548K, committed 8576K, reserved 1048576K

Card table byte_map: [0x00000001189fd000,0x0000000118dfe000] byte_map_base: 0x0000000114ffd000

Marking Bits: (ParMarkBitMap*) 0x0000000108acca50
 Begin Bits: [0x0000000118dfe000, 0x000000011adfe000)
 End Bits:   [0x000000011adfe000, 0x000000011cdfe000)

Polling page: 0x00000001079c2000

CodeCache: size=245760Kb used=9199Kb max_used=9199Kb free=236560Kb
 bounds [0x00000001099fd000, 0x000000010a2fd000, 0x00000001189fd000]
 total_blobs=5305 nmethods=4762 adapters=463
 compilation: enabled

Compilation events (10 events):
Event: 91.207 Thread 0x00007fb04f80c000 4830       1       java.rmi.server.RMIClassLoader::loadClass (10 bytes)
Event: 91.208 Thread 0x00007fb04f80c000 nmethod 4830 0x000000010a2f1d50 code [0x000000010a2f1ec0, 0x000000010a2f1fe8]
Event: 91.208 Thread 0x00007fb04f80c000 4831  s    1       sun.rmi.server.LoaderHandler::getDefaultCodebaseURLs (35 bytes)
Event: 91.208 Thread 0x00007fb04f80c000 nmethod 4831 0x000000010a2f2090 code [0x000000010a2f2200, 0x000000010a2f25a8]
Event: 91.208 Thread 0x00007fb04f80c000 4832   !   1       sun.rmi.server.LoaderHandler::loadClass (530 bytes)
Event: 91.213 Thread 0x00007fb04f80c000 nmethod 4832 0x000000010a2f2650 code [0x000000010a2f2ca0, 0x000000010a2f4fa8]
Event: 91.213 Thread 0x00007fb04f80c000 4833       1       java.rmi.server.RMIClassLoader$2::loadClass (7 bytes)
Event: 91.213 Thread 0x00007fb04f80c000 nmethod 4833 0x000000010a2f7d10 code [0x000000010a2f7e80, 0x000000010a2f7fc8]
Event: 91.213 Thread 0x00007fb04f80c000 4834   !   1       sun.rmi.server.LoaderHandler::loadClass (196 bytes)
Event: 91.215 Thread 0x00007fb04f80c000 nmethod 4834 0x000000010a2f8050 code [0x000000010a2f83a0, 0x000000010a2f93b8]

GC Heap History (10 events):
Event: 7.605 GC heap before
{Heap before GC invocations=9 (full 1):
 PSYoungGen      total 135680K, used 70182K [0x0000000795580000, 0x00000007a4900000, 0x00000007c0000000)
  eden space 126464K, 48% used [0x0000000795580000,0x000000079910f228,0x000000079d100000)
  from space 9216K, 99% used [0x000000079d100000,0x000000079d9fa8b8,0x000000079da00000)
  to   space 12288K, 0% used [0x00000007a3d00000,0x00000007a3d00000,0x00000007a4900000)
 ParOldGen       total 46080K, used 8341K [0x0000000740000000, 0x0000000742d00000, 0x0000000795580000)
  object space 46080K, 18% used [0x0000000740000000,0x0000000740825490,0x0000000742d00000)
 Metaspace       used 33569K, capacity 35344K, committed 35456K, reserved 1079296K
  class space    used 4589K, capacity 4925K, committed 4992K, reserved 1048576K
Event: 7.622 GC heap after
Heap after GC invocations=9 (full 1):
 PSYoungGen      total 235520K, used 11626K [0x0000000795580000, 0x00000007a4c00000, 0x00000007c0000000)
  eden space 223232K, 0% used [0x0000000795580000,0x0000000795580000,0x00000007a2f80000)
  from space 12288K, 94% used [0x00000007a3d00000,0x00000007a485a910,0x00000007a4900000)
  to   space 13824K, 0% used [0x00000007a2f80000,0x00000007a2f80000,0x00000007a3d00000)
 ParOldGen       total 46080K, used 8349K [0x0000000740000000, 0x0000000742d00000, 0x0000000795580000)
  object space 46080K, 18% used [0x0000000740000000,0x0000000740827490,0x0000000742d00000)
 Metaspace       used 33569K, capacity 35344K, committed 35456K, reserved 1079296K
  class space    used 4589K, capacity 4925K, committed 4992K, reserved 1048576K
}
Event: 7.622 GC heap before
{Heap before GC invocations=10 (full 2):
 PSYoungGen      total 235520K, used 11626K [0x0000000795580000, 0x00000007a4c00000, 0x00000007c0000000)
  eden space 223232K, 0% used [0x0000000795580000,0x0000000795580000,0x00000007a2f80000)
  from space 12288K, 94% used [0x00000007a3d00000,0x00000007a485a910,0x00000007a4900000)
  to   space 13824K, 0% used [0x00000007a2f80000,0x00000007a2f80000,0x00000007a3d00000)
 ParOldGen       total 46080K, used 8349K [0x0000000740000000, 0x0000000742d00000, 0x0000000795580000)
  object space 46080K, 18% used [0x0000000740000000,0x0000000740827490,0x0000000742d00000)
 Metaspace       used 33569K, capacity 35344K, committed 35456K, reserved 1079296K
  class space    used 4589K, capacity 4925K, committed 4992K, reserved 1048576K
Event: 7.673 GC heap after
Heap after GC invocations=10 (full 2):
 PSYoungGen      total 235520K, used 0K [0x0000000795580000, 0x00000007a4c00000, 0x00000007c0000000)
  eden space 223232K, 0% used [0x0000000795580000,0x0000000795580000,0x00000007a2f80000)
  from space 12288K, 0% used [0x00000007a3d00000,0x00000007a3d00000,0x00000007a4900000)
  to   space 13824K, 0% used [0x00000007a2f80000,0x00000007a2f80000,0x00000007a3d00000)
 ParOldGen       total 66048K, used 16338K [0x0000000740000000, 0x0000000744080000, 0x0000000795580000)
  object space 66048K, 24% used [0x0000000740000000,0x0000000740ff4b08,0x0000000744080000)
 Metaspace       used 33569K, capacity 35344K, committed 35456K, reserved 1079296K
  class space    used 4589K, capacity 4925K, committed 4992K, reserved 1048576K
}
Event: 13.219 GC heap before
{Heap before GC invocations=11 (full 2):
 PSYoungGen      total 235520K, used 223232K [0x0000000795580000, 0x00000007a4c00000, 0x00000007c0000000)
  eden space 223232K, 100% used [0x0000000795580000,0x00000007a2f80000,0x00000007a2f80000)
  from space 12288K, 0% used [0x00000007a3d00000,0x00000007a3d00000,0x00000007a4900000)
  to   space 13824K, 0% used [0x00000007a2f80000,0x00000007a2f80000,0x00000007a3d00000)
 ParOldGen       total 66048K, used 16338K [0x0000000740000000, 0x0000000744080000, 0x0000000795580000)
  object space 66048K, 24% used [0x0000000740000000,0x0000000740ff4b08,0x0000000744080000)
 Metaspace       used 51957K, capacity 54944K, committed 55040K, reserved 1095680K
  class space    used 7401K, capacity 7902K, committed 7936K, reserved 1048576K
Event: 13.246 GC heap after
Heap after GC invocations=11 (full 2):
 PSYoungGen      total 237056K, used 13818K [0x0000000795580000, 0x00000007ab800000, 0x00000007c0000000)
  eden space 223232K, 0% used [0x0000000795580000,0x0000000795580000,0x00000007a2f80000)
  from space 13824K, 99% used [0x00000007a2f80000,0x00000007a3cfeb10,0x00000007a3d00000)
  to   space 19456K, 0% used [0x00000007aa500000,0x00000007aa500000,0x00000007ab800000)
 ParOldGen       total 66048K, used 25342K [0x0000000740000000, 0x0000000744080000, 0x0000000795580000)
  object space 66048K, 38% used [0x0000000740000000,0x00000007418bfa18,0x0000000744080000)
 Metaspace       used 51957K, capacity 54944K, committed 55040K, reserved 1095680K
  class space    used 7401K, capacity 7902K, committed 7936K, reserved 1048576K
}
Event: 41.440 GC heap before
{Heap before GC invocations=12 (full 2):
 PSYoungGen      total 237056K, used 85440K [0x0000000795580000, 0x00000007ab800000, 0x00000007c0000000)
  eden space 223232K, 32% used [0x0000000795580000,0x0000000799b716a0,0x00000007a2f80000)
  from space 13824K, 99% used [0x00000007a2f80000,0x00000007a3cfeb10,0x00000007a3d00000)
  to   space 19456K, 0% used [0x00000007aa500000,0x00000007aa500000,0x00000007ab800000)
 ParOldGen       total 66048K, used 25342K [0x0000000740000000, 0x0000000744080000, 0x0000000795580000)
  object space 66048K, 38% used [0x0000000740000000,0x00000007418bfa18,0x0000000744080000)
 Metaspace       used 55709K, capacity 58928K, committed 59096K, reserved 1099776K
  class space    used 7895K, capacity 8446K, committed 8448K, reserved 1048576K
Event: 41.460 GC heap after
Heap after GC invocations=12 (full 2):
 PSYoungGen      total 329216K, used 12302K [0x0000000795580000, 0x00000007ab180000, 0x00000007c0000000)
  eden space 316416K, 0% used [0x0000000795580000,0x0000000795580000,0x00000007a8a80000)
  from space 12800K, 96% used [0x00000007aa500000,0x00000007ab103ac8,0x00000007ab180000)
  to   space 19456K, 0% used [0x00000007a8b80000,0x00000007a8b80000,0x00000007a9e80000)
 ParOldGen       total 66048K, used 25350K [0x0000000740000000, 0x0000000744080000, 0x0000000795580000)
  object space 66048K, 38% used [0x0000000740000000,0x00000007418c1a18,0x0000000744080000)
 Metaspace       used 55709K, capacity 58928K, committed 59096K, reserved 1099776K
  class space    used 7895K, capacity 8446K, committed 8448K, reserved 1048576K
}
Event: 41.460 GC heap before
{Heap before GC invocations=13 (full 3):
 PSYoungGen      total 329216K, used 12302K [0x0000000795580000, 0x00000007ab180000, 0x00000007c0000000)
  eden space 316416K, 0% used [0x0000000795580000,0x0000000795580000,0x00000007a8a80000)
  from space 12800K, 96% used [0x00000007aa500000,0x00000007ab103ac8,0x00000007ab180000)
  to   space 19456K, 0% used [0x00000007a8b80000,0x00000007a8b80000,0x00000007a9e80000)
 ParOldGen       total 66048K, used 25350K [0x0000000740000000, 0x0000000744080000, 0x0000000795580000)
  object space 66048K, 38% used [0x0000000740000000,0x00000007418c1a18,0x0000000744080000)
 Metaspace       used 55709K, capacity 58928K, committed 59096K, reserved 1099776K
  class space    used 7895K, capacity 8446K, committed 8448K, reserved 1048576K
Event: 41.593 GC heap after
Heap after GC invocations=13 (full 3):
 PSYoungGen      total 329216K, used 0K [0x0000000795580000, 0x00000007ab180000, 0x00000007c0000000)
  eden space 316416K, 0% used [0x0000000795580000,0x0000000795580000,0x00000007a8a80000)
  from space 12800K, 0% used [0x00000007aa500000,0x00000007aa500000,0x00000007ab180000)
  to   space 19456K, 0% used [0x00000007a8b80000,0x00000007a8b80000,0x00000007a9e80000)
 ParOldGen       total 82432K, used 22769K [0x0000000740000000, 0x0000000745080000, 0x0000000795580000)
  object space 82432K, 27% used [0x0000000740000000,0x000000074163c488,0x0000000745080000)
 Metaspace       used 55705K, capacity 58916K, committed 59096K, reserved 1099776K
  class space    used 7894K, capacity 8444K, committed 8448K, reserved 1048576K
}

Deoptimization events (0 events):
No events

Internal exceptions (10 events):
Event: 34.871 Thread 0x00007fb04fba1000 Exception <a 'java/lang/ArrayIndexOutOfBoundsException'> (0x0000000799725df0) thrown at [/HUDSON3/workspace/8-2-build-macosx-x86_64/jdk8u60/3267.nc/hotspot/src/share/vm/runtime/sharedRuntime.cpp, line 605]
Event: 41.088 Thread 0x00007fb04fba1000 Exception <a 'java/lang/ArrayIndexOutOfBoundsException': 183> (0x00000007997a0988) thrown at [/HUDSON3/workspace/8-2-build-macosx-x86_64/jdk8u60/3267.nc/hotspot/src/share/vm/interpreter/interpreterRuntime.cpp, line 366]
Event: 60.482 Thread 0x00007fb04fba1000 Exception <a 'java/lang/ArrayIndexOutOfBoundsException': 84> (0x0000000795b95dd0) thrown at [/HUDSON3/workspace/8-2-build-macosx-x86_64/jdk8u60/3267.nc/hotspot/src/share/vm/interpreter/interpreterRuntime.cpp, line 366]
Event: 60.993 Thread 0x00007fb04fba1000 Exception <a 'java/lang/reflect/InvocationTargetException'> (0x0000000795b9a658) thrown at [/HUDSON3/workspace/8-2-build-macosx-x86_64/jdk8u60/3267.nc/hotspot/src/share/vm/runtime/reflection.cpp, line 1080]
Event: 63.864 Thread 0x00007fb04fba1000 Exception <a 'java/lang/ArrayIndexOutOfBoundsException'> (0x00000007961623a8) thrown at [/HUDSON3/workspace/8-2-build-macosx-x86_64/jdk8u60/3267.nc/hotspot/src/share/vm/runtime/sharedRuntime.cpp, line 605]
Event: 63.864 Thread 0x00007fb04fba1000 Exception <a 'java/lang/ArrayIndexOutOfBoundsException'> (0x0000000796163740) thrown at [/HUDSON3/workspace/8-2-build-macosx-x86_64/jdk8u60/3267.nc/hotspot/src/share/vm/runtime/sharedRuntime.cpp, line 605]
Event: 63.869 Thread 0x00007fb04fba1000 Exception <a 'java/lang/ArrayIndexOutOfBoundsException'> (0x00000007961e84d8) thrown at [/HUDSON3/workspace/8-2-build-macosx-x86_64/jdk8u60/3267.nc/hotspot/src/share/vm/runtime/sharedRuntime.cpp, line 605]
Event: 63.870 Thread 0x00007fb04fba1000 Exception <a 'java/lang/ArrayIndexOutOfBoundsException'> (0x00000007961f5f30) thrown at [/HUDSON3/workspace/8-2-build-macosx-x86_64/jdk8u60/3267.nc/hotspot/src/share/vm/runtime/sharedRuntime.cpp, line 605]
Event: 63.891 Thread 0x00007fb04fba1000 Exception <a 'java/lang/ArrayIndexOutOfBoundsException'> (0x00000007963aeac8) thrown at [/HUDSON3/workspace/8-2-build-macosx-x86_64/jdk8u60/3267.nc/hotspot/src/share/vm/runtime/sharedRuntime.cpp, line 605]
Event: 63.896 Thread 0x00007fb04fba1000 Exception <a 'java/lang/ArrayIndexOutOfBoundsException'> (0x00000007963e81e8) thrown at [/HUDSON3/workspace/8-2-build-macosx-x86_64/jdk8u60/3267.nc/hotspot/src/share/vm/runtime/sharedRuntime.cpp, line 605]

Events (10 events):
Event: 69.637 Thread 0x00007fb04f9c3800 DEOPT UNPACKING pc=0x0000000109a44633 sp=0x000070000d659020 mode 1
Event: 91.276 Thread 0x00007fb04eb71000 Thread exited: 0x00007fb04eb71000
Event: 91.276 Thread 0x00007fb04e8c6000 Thread exited: 0x00007fb04e8c6000
Event: 91.276 Thread 0x00007fb04fd4c000 Thread exited: 0x00007fb04fd4c000
Event: 91.276 Thread 0x00007fb050008000 Thread exited: 0x00007fb050008000
Event: 91.277 Thread 0x00007fb050621000 Thread exited: 0x00007fb050621000
Event: 91.277 Thread 0x00007fb04f46b800 Thread exited: 0x00007fb04f46b800
Event: 91.277 Thread 0x00007fb050620000 Thread exited: 0x00007fb050620000
Event: 91.427 Executing VM operation: RedefineClasses
Event: 91.452 Executing VM operation: RedefineClasses done


Dynamic libraries:
0x0000000015592000 	/System/Library/Frameworks/Cocoa.framework/Versions/A/Cocoa
0x0000000015592000 	/System/Library/Frameworks/Security.framework/Versions/A/Security
0x0000000015592000 	/System/Library/Frameworks/ApplicationServices.framework/Versions/A/ApplicationServices
0x0000000015592000 	/usr/lib/libz.1.dylib
0x0000000015592000 	/usr/lib/libSystem.B.dylib
0x0000000015592000 	/usr/lib/libobjc.A.dylib
0x0000000015592000 	/System/Library/Frameworks/CoreFoundation.framework/Versions/A/CoreFoundation
0x0000000015592000 	/System/Library/Frameworks/Foundation.framework/Versions/C/Foundation
0x0000000015592000 	/System/Library/Frameworks/AppKit.framework/Versions/C/AppKit
0x0000000015592000 	/System/Library/Frameworks/CoreData.framework/Versions/A/CoreData
0x0000000015592000 	/System/Library/PrivateFrameworks/RemoteViewServices.framework/Versions/A/RemoteViewServices
0x0000000015592000 	/System/Library/PrivateFrameworks/UIFoundation.framework/Versions/A/UIFoundation
0x0000000015592000 	/System/Library/PrivateFrameworks/XCTTargetBootstrap.framework/Versions/A/XCTTargetBootstrap
0x0000000015592000 	/System/Library/Frameworks/CoreDisplay.framework/Versions/A/CoreDisplay
0x0000000015592000 	/System/Library/PrivateFrameworks/IconServices.framework/Versions/A/IconServices
0x0000000015592000 	/System/Library/Frameworks/Metal.framework/Versions/A/Metal
0x0000000015592000 	/System/Library/PrivateFrameworks/DesktopServicesPriv.framework/Versions/A/DesktopServicesPriv
0x0000000015592000 	/usr/lib/libenergytrace.dylib
0x0000000015592000 	/System/Library/PrivateFrameworks/SkyLight.framework/Versions/A/SkyLight
0x0000000015592000 	/System/Library/Frameworks/CoreGraphics.framework/Versions/A/CoreGraphics
0x0000000015592000 	/System/Library/Frameworks/Accelerate.framework/Versions/A/Accelerate
0x0000000015592000 	/System/Library/Frameworks/IOSurface.framework/Versions/A/IOSurface
0x0000000015592000 	/System/Library/PrivateFrameworks/DFRFoundation.framework/Versions/A/DFRFoundation
0x0000000015592000 	/System/Library/Frameworks/AudioToolbox.framework/Versions/A/AudioToolbox
0x0000000015592000 	/System/Library/Frameworks/AudioUnit.framework/Versions/A/AudioUnit
0x0000000015592000 	/System/Library/PrivateFrameworks/DataDetectorsCore.framework/Versions/A/DataDetectorsCore
0x0000000015592000 	/System/Library/Frameworks/Carbon.framework/Versions/A/Frameworks/HIToolbox.framework/Versions/A/HIToolbox
0x0000000015592000 	/usr/lib/libicucore.A.dylib
0x0000000015592000 	/System/Library/Frameworks/QuartzCore.framework/Versions/A/QuartzCore
0x0000000015592000 	/System/Library/Frameworks/Carbon.framework/Versions/A/Frameworks/SpeechRecognition.framework/Versions/A/SpeechRecognition
0x0000000015592000 	/usr/lib/libauto.dylib
0x0000000015592000 	/usr/lib/libxml2.2.dylib
0x0000000015592000 	/System/Library/PrivateFrameworks/CoreUI.framework/Versions/A/CoreUI
0x0000000015592000 	/System/Library/Frameworks/CoreAudio.framework/Versions/A/CoreAudio
0x0000000015592000 	/System/Library/Frameworks/DiskArbitration.framework/Versions/A/DiskArbitration
0x0000000015592000 	/usr/lib/liblangid.dylib
0x0000000015592000 	/System/Library/PrivateFrameworks/MultitouchSupport.framework/Versions/A/MultitouchSupport
0x0000000015592000 	/System/Library/Frameworks/IOKit.framework/Versions/A/IOKit
0x0000000015592000 	/usr/lib/libDiagnosticMessagesClient.dylib
0x0000000015592000 	/System/Library/Frameworks/CoreServices.framework/Versions/A/CoreServices
0x0000000015592000 	/System/Library/PrivateFrameworks/PerformanceAnalysis.framework/Versions/A/PerformanceAnalysis
0x0000000015592000 	/System/Library/Frameworks/OpenGL.framework/Versions/A/OpenGL
0x0000000015592000 	/System/Library/Frameworks/ColorSync.framework/Versions/A/ColorSync
0x0000000015592000 	/System/Library/Frameworks/CoreImage.framework/Versions/A/CoreImage
0x0000000015592000 	/System/Library/Frameworks/CoreText.framework/Versions/A/CoreText
0x0000000015592000 	/System/Library/Frameworks/ImageIO.framework/Versions/A/ImageIO
0x0000000015592000 	/System/Library/PrivateFrameworks/Backup.framework/Versions/A/Backup
0x0000000015592000 	/usr/lib/libarchive.2.dylib
0x0000000015592000 	/System/Library/Frameworks/CFNetwork.framework/Versions/A/CFNetwork
0x0000000015592000 	/System/Library/Frameworks/SystemConfiguration.framework/Versions/A/SystemConfiguration
0x0000000015592000 	/usr/lib/libCRFSuite.dylib
0x0000000015592000 	/usr/lib/libc++.1.dylib
0x0000000015592000 	/usr/lib/libc++abi.dylib
0x0000000015592000 	/usr/lib/system/libcache.dylib
0x0000000015592000 	/usr/lib/system/libcommonCrypto.dylib
0x0000000015592000 	/usr/lib/system/libcompiler_rt.dylib
0x0000000015592000 	/usr/lib/system/libcopyfile.dylib
0x0000000015592000 	/usr/lib/system/libcorecrypto.dylib
0x0000000015592000 	/usr/lib/system/libdispatch.dylib
0x0000000015592000 	/usr/lib/system/libdyld.dylib
0x0000000015592000 	/usr/lib/system/libkeymgr.dylib
0x0000000015592000 	/usr/lib/system/liblaunch.dylib
0x0000000015592000 	/usr/lib/system/libmacho.dylib
0x0000000015592000 	/usr/lib/system/libquarantine.dylib
0x0000000015592000 	/usr/lib/system/libremovefile.dylib
0x0000000015592000 	/usr/lib/system/libsystem_asl.dylib
0x0000000015592000 	/usr/lib/system/libsystem_blocks.dylib
0x0000000015592000 	/usr/lib/system/libsystem_c.dylib
0x0000000015592000 	/usr/lib/system/libsystem_configuration.dylib
0x0000000015592000 	/usr/lib/system/libsystem_coreservices.dylib
0x0000000015592000 	/usr/lib/system/libsystem_darwin.dylib
0x0000000015592000 	/usr/lib/system/libsystem_dnssd.dylib
0x0000000015592000 	/usr/lib/system/libsystem_info.dylib
0x0000000015592000 	/usr/lib/system/libsystem_m.dylib
0x0000000015592000 	/usr/lib/system/libsystem_malloc.dylib
0x0000000015592000 	/usr/lib/system/libsystem_networkextension.dylib
0x0000000015592000 	/usr/lib/system/libsystem_notify.dylib
0x0000000015592000 	/usr/lib/system/libsystem_sandbox.dylib
0x0000000015592000 	/usr/lib/system/libsystem_secinit.dylib
0x0000000015592000 	/usr/lib/system/libsystem_kernel.dylib
0x0000000015592000 	/usr/lib/system/libsystem_platform.dylib
0x0000000015592000 	/usr/lib/system/libsystem_pthread.dylib
0x0000000015592000 	/usr/lib/system/libsystem_symptoms.dylib
0x0000000015592000 	/usr/lib/system/libsystem_trace.dylib
0x0000000015592000 	/usr/lib/system/libunwind.dylib
0x0000000015592000 	/usr/lib/system/libxpc.dylib
0x0000000015592000 	/usr/lib/libbsm.0.dylib
0x0000000015592000 	/usr/lib/system/libkxld.dylib
0x0000000015592000 	/System/Library/PrivateFrameworks/AppleFSCompression.framework/Versions/A/AppleFSCompression
0x0000000015592000 	/usr/lib/libOpenScriptingUtil.dylib
0x0000000015592000 	/usr/lib/libcoretls.dylib
0x0000000015592000 	/usr/lib/libcoretls_cfhelpers.dylib
0x0000000015592000 	/usr/lib/libpam.2.dylib
0x0000000015592000 	/usr/lib/libsqlite3.dylib
0x0000000015592000 	/usr/lib/libxar.1.dylib
0x0000000015592000 	/usr/lib/libbz2.1.0.dylib
0x0000000015592000 	/usr/lib/liblzma.5.dylib
0x0000000015592000 	/usr/lib/libnetwork.dylib
0x0000000015592000 	/usr/lib/libapple_nghttp2.dylib
0x0000000015592000 	/usr/lib/libpcap.A.dylib
0x0000000015592000 	/System/Library/Frameworks/CoreServices.framework/Versions/A/Frameworks/FSEvents.framework/Versions/A/FSEvents
0x0000000015592000 	/System/Library/Frameworks/CoreServices.framework/Versions/A/Frameworks/CarbonCore.framework/Versions/A/CarbonCore
0x0000000015592000 	/System/Library/Frameworks/CoreServices.framework/Versions/A/Frameworks/Metadata.framework/Versions/A/Metadata
0x0000000015592000 	/System/Library/Frameworks/CoreServices.framework/Versions/A/Frameworks/OSServices.framework/Versions/A/OSServices
0x0000000015592000 	/System/Library/Frameworks/CoreServices.framework/Versions/A/Frameworks/SearchKit.framework/Versions/A/SearchKit
0x0000000015592000 	/System/Library/Frameworks/CoreServices.framework/Versions/A/Frameworks/AE.framework/Versions/A/AE
0x0000000015592000 	/System/Library/Frameworks/CoreServices.framework/Versions/A/Frameworks/LaunchServices.framework/Versions/A/LaunchServices
0x0000000015592000 	/System/Library/Frameworks/CoreServices.framework/Versions/A/Frameworks/DictionaryServices.framework/Versions/A/DictionaryServices
0x0000000015592000 	/System/Library/Frameworks/CoreServices.framework/Versions/A/Frameworks/SharedFileList.framework/Versions/A/SharedFileList
0x0000000015592000 	/System/Library/Frameworks/NetFS.framework/Versions/A/NetFS
0x0000000015592000 	/System/Library/PrivateFrameworks/NetAuth.framework/Versions/A/NetAuth
0x0000000015592000 	/System/Library/PrivateFrameworks/login.framework/Versions/A/Frameworks/loginsupport.framework/Versions/A/loginsupport
0x0000000015592000 	/System/Library/PrivateFrameworks/TCC.framework/Versions/A/TCC
0x0000000015592000 	/System/Library/PrivateFrameworks/CoreNLP.framework/Versions/A/CoreNLP
0x0000000015592000 	/System/Library/PrivateFrameworks/MetadataUtilities.framework/Versions/A/MetadataUtilities
0x0000000015592000 	/usr/lib/libmecabra.dylib
0x0000000015592000 	/System/Library/Frameworks/ApplicationServices.framework/Versions/A/Frameworks/ATS.framework/Versions/A/ATS
0x0000000015592000 	/System/Library/Frameworks/ApplicationServices.framework/Versions/A/Frameworks/ColorSyncLegacy.framework/Versions/A/ColorSyncLegacy
0x0000000015592000 	/System/Library/Frameworks/ApplicationServices.framework/Versions/A/Frameworks/HIServices.framework/Versions/A/HIServices
0x0000000015592000 	/System/Library/Frameworks/ApplicationServices.framework/Versions/A/Frameworks/LangAnalysis.framework/Versions/A/LangAnalysis
0x0000000015592000 	/System/Library/Frameworks/ApplicationServices.framework/Versions/A/Frameworks/PrintCore.framework/Versions/A/PrintCore
0x0000000015592000 	/System/Library/Frameworks/ApplicationServices.framework/Versions/A/Frameworks/QD.framework/Versions/A/QD
0x0000000015592000 	/System/Library/Frameworks/ApplicationServices.framework/Versions/A/Frameworks/SpeechSynthesis.framework/Versions/A/SpeechSynthesis
0x0000000015592000 	/usr/lib/libcompression.dylib
0x0000000015592000 	/System/Library/Frameworks/MetalPerformanceShaders.framework/Versions/A/MetalPerformanceShaders
0x0000000015592000 	/System/Library/Frameworks/Accelerate.framework/Versions/A/Frameworks/vImage.framework/Versions/A/vImage
0x0000000015592000 	/System/Library/Frameworks/Accelerate.framework/Versions/A/Frameworks/vecLib.framework/Versions/A/vecLib
0x0000000015592000 	/System/Library/Frameworks/Accelerate.framework/Versions/A/Frameworks/vecLib.framework/Versions/A/libvMisc.dylib
0x0000000015592000 	/System/Library/Frameworks/Accelerate.framework/Versions/A/Frameworks/vecLib.framework/Versions/A/libvDSP.dylib
0x0000000015592000 	/System/Library/Frameworks/Accelerate.framework/Versions/A/Frameworks/vecLib.framework/Versions/A/libBLAS.dylib
0x0000000015592000 	/System/Library/Frameworks/Accelerate.framework/Versions/A/Frameworks/vecLib.framework/Versions/A/libLAPACK.dylib
0x0000000015592000 	/System/Library/Frameworks/Accelerate.framework/Versions/A/Frameworks/vecLib.framework/Versions/A/libLinearAlgebra.dylib
0x0000000015592000 	/System/Library/Frameworks/Accelerate.framework/Versions/A/Frameworks/vecLib.framework/Versions/A/libSparseBLAS.dylib
0x0000000015592000 	/System/Library/Frameworks/Accelerate.framework/Versions/A/Frameworks/vecLib.framework/Versions/A/libQuadrature.dylib
0x0000000015592000 	/System/Library/Frameworks/Accelerate.framework/Versions/A/Frameworks/vecLib.framework/Versions/A/libBNNS.dylib
0x0000000015592000 	/System/Library/Frameworks/Accelerate.framework/Versions/A/Frameworks/vecLib.framework/Versions/A/libSparse.dylib
0x0000000015592000 	/System/Library/PrivateFrameworks/GPUWrangler.framework/Versions/A/GPUWrangler
0x0000000015592000 	/System/Library/PrivateFrameworks/IOAccelerator.framework/Versions/A/IOAccelerator
0x0000000015592000 	/System/Library/PrivateFrameworks/IOPresentment.framework/Versions/A/IOPresentment
0x0000000015592000 	/System/Library/PrivateFrameworks/DSExternalDisplay.framework/Versions/A/DSExternalDisplay
0x0000000015592000 	/System/Library/Frameworks/OpenGL.framework/Versions/A/Libraries/libCoreFSCache.dylib
0x0000000015592000 	/System/Library/Frameworks/MetalPerformanceShaders.framework/Frameworks/MPSCore.framework/Versions/A/MPSCore
0x0000000015592000 	/System/Library/Frameworks/MetalPerformanceShaders.framework/Frameworks/MPSImage.framework/Versions/A/MPSImage
0x0000000015592000 	/System/Library/Frameworks/MetalPerformanceShaders.framework/Frameworks/MPSNeuralNetwork.framework/Versions/A/MPSNeuralNetwork
0x0000000015592000 	/System/Library/Frameworks/MetalPerformanceShaders.framework/Frameworks/MPSMatrix.framework/Versions/A/MPSMatrix
0x0000000015592000 	/System/Library/Frameworks/MetalPerformanceShaders.framework/Frameworks/MPSRayIntersector.framework/Versions/A/MPSRayIntersector
0x0000000015592000 	/System/Library/PrivateFrameworks/MetalTools.framework/Versions/A/MetalTools
0x0000000015592000 	/System/Library/PrivateFrameworks/AggregateDictionary.framework/Versions/A/AggregateDictionary
0x0000000015592000 	/usr/lib/libMobileGestalt.dylib
0x0000000015592000 	/System/Library/Frameworks/CoreVideo.framework/Versions/A/CoreVideo
0x0000000015592000 	/System/Library/PrivateFrameworks/GraphVisualizer.framework/Versions/A/GraphVisualizer
0x0000000015592000 	/System/Library/PrivateFrameworks/FaceCore.framework/Versions/A/FaceCore
0x0000000015592000 	/System/Library/Frameworks/OpenCL.framework/Versions/A/OpenCL
0x0000000015592000 	/usr/lib/libFosl_dynamic.dylib
0x0000000015592000 	/System/Library/PrivateFrameworks/OTSVG.framework/Versions/A/OTSVG
0x0000000015592000 	/System/Library/Frameworks/ApplicationServices.framework/Versions/A/Frameworks/ATS.framework/Versions/A/Resources/libFontParser.dylib
0x0000000015592000 	/System/Library/Frameworks/ApplicationServices.framework/Versions/A/Frameworks/ATS.framework/Versions/A/Resources/libFontRegistry.dylib
0x0000000015592000 	/System/Library/Frameworks/ImageIO.framework/Versions/A/Resources/libJPEG.dylib
0x0000000015592000 	/System/Library/Frameworks/ImageIO.framework/Versions/A/Resources/libTIFF.dylib
0x0000000015592000 	/System/Library/Frameworks/ImageIO.framework/Versions/A/Resources/libPng.dylib
0x0000000015592000 	/System/Library/Frameworks/ImageIO.framework/Versions/A/Resources/libGIF.dylib
0x0000000015592000 	/System/Library/Frameworks/ImageIO.framework/Versions/A/Resources/libJP2.dylib
0x0000000015592000 	/System/Library/Frameworks/ImageIO.framework/Versions/A/Resources/libRadiance.dylib
0x0000000015592000 	/System/Library/PrivateFrameworks/AppleJPEG.framework/Versions/A/AppleJPEG
0x0000000015592000 	/System/Library/Frameworks/OpenGL.framework/Versions/A/Libraries/libGFXShared.dylib
0x0000000015592000 	/System/Library/Frameworks/OpenGL.framework/Versions/A/Libraries/libGLU.dylib
0x0000000015592000 	/System/Library/Frameworks/OpenGL.framework/Versions/A/Libraries/libGL.dylib
0x0000000015592000 	/System/Library/Frameworks/OpenGL.framework/Versions/A/Libraries/libGLImage.dylib
0x0000000015592000 	/System/Library/Frameworks/OpenGL.framework/Versions/A/Libraries/libCVMSPluginSupport.dylib
0x0000000015592000 	/System/Library/Frameworks/OpenGL.framework/Versions/A/Libraries/libCoreVMClient.dylib
0x0000000015592000 	/usr/lib/libcups.2.dylib
0x0000000015592000 	/System/Library/Frameworks/Kerberos.framework/Versions/A/Kerberos
0x0000000015592000 	/System/Library/Frameworks/GSS.framework/Versions/A/GSS
0x0000000015592000 	/usr/lib/libresolv.9.dylib
0x0000000015592000 	/usr/lib/libiconv.2.dylib
0x0000000015592000 	/System/Library/PrivateFrameworks/Heimdal.framework/Versions/A/Heimdal
0x0000000015592000 	/usr/lib/libheimdal-asn1.dylib
0x0000000015592000 	/System/Library/Frameworks/OpenDirectory.framework/Versions/A/OpenDirectory
0x0000000015592000 	/System/Library/PrivateFrameworks/CommonAuth.framework/Versions/A/CommonAuth
0x0000000015592000 	/System/Library/Frameworks/OpenDirectory.framework/Versions/A/Frameworks/CFOpenDirectory.framework/Versions/A/CFOpenDirectory
0x0000000015592000 	/System/Library/Frameworks/SecurityFoundation.framework/Versions/A/SecurityFoundation
0x0000000015592000 	/System/Library/PrivateFrameworks/APFS.framework/Versions/A/APFS
0x0000000015592000 	/usr/lib/libutil.dylib
0x0000000015592000 	/usr/lib/libcharset.1.dylib
0x0000000015592000 	/System/Library/PrivateFrameworks/AppleSauce.framework/Versions/A/AppleSauce
0x0000000015592000 	/System/Library/PrivateFrameworks/AssertionServices.framework/Versions/A/AssertionServices
0x0000000015592000 	/System/Library/PrivateFrameworks/BaseBoard.framework/Versions/A/BaseBoard
0x0000000015592000 	/usr/lib/libmecab.1.0.0.dylib
0x0000000015592000 	/usr/lib/libgermantok.dylib
0x0000000015592000 	/usr/lib/libThaiTokenizer.dylib
0x0000000015592000 	/usr/lib/libChineseTokenizer.dylib
0x0000000015592000 	/System/Library/PrivateFrameworks/LanguageModeling.framework/Versions/A/LanguageModeling
0x0000000015592000 	/System/Library/PrivateFrameworks/CoreEmoji.framework/Versions/A/CoreEmoji
0x0000000015592000 	/System/Library/PrivateFrameworks/Lexicon.framework/Versions/A/Lexicon
0x0000000015592000 	/System/Library/PrivateFrameworks/LinguisticData.framework/Versions/A/LinguisticData
0x0000000015592000 	/usr/lib/libcmph.dylib
0x0000000015592000 	/System/Library/Frameworks/ServiceManagement.framework/Versions/A/ServiceManagement
0x0000000015592000 	/System/Library/PrivateFrameworks/BackgroundTaskManagement.framework/Versions/A/BackgroundTaskManagement
0x0000000015592000 	/usr/lib/libxslt.1.dylib
0x0000000015592000 	/System/Library/Frameworks/Carbon.framework/Versions/A/Frameworks/Ink.framework/Versions/A/Ink
0x0000000015592000 	/System/Library/PrivateFrameworks/TextureIO.framework/Versions/A/TextureIO
0x0000000015592000 	/usr/lib/libate.dylib
0x0000000015592000 	/System/Library/PrivateFrameworks/CrashReporterSupport.framework/Versions/A/CrashReporterSupport
0x0000000015592000 	/System/Library/PrivateFrameworks/Sharing.framework/Versions/A/Sharing
0x0000000015592000 	/System/Library/PrivateFrameworks/AuthKit.framework/Versions/A/AuthKit
0x0000000015592000 	/System/Library/PrivateFrameworks/Apple80211.framework/Versions/A/Apple80211
0x0000000015592000 	/System/Library/PrivateFrameworks/CoreUtils.framework/Versions/A/CoreUtils
0x0000000015592000 	/System/Library/Frameworks/CoreWLAN.framework/Versions/A/CoreWLAN
0x0000000015592000 	/System/Library/Frameworks/IOBluetooth.framework/Versions/A/IOBluetooth
0x0000000015592000 	/System/Library/PrivateFrameworks/ProtocolBuffer.framework/Versions/A/ProtocolBuffer
0x0000000015592000 	/System/Library/PrivateFrameworks/MobileKeyBag.framework/Versions/A/MobileKeyBag
0x0000000015592000 	/System/Library/PrivateFrameworks/CorePhoneNumbers.framework/Versions/A/CorePhoneNumbers
0x0000000015592000 	/System/Library/PrivateFrameworks/AppleIDAuthSupport.framework/Versions/A/AppleIDAuthSupport
0x0000000015592000 	/System/Library/PrivateFrameworks/KeychainCircle.framework/Versions/A/KeychainCircle
0x0000000015592000 	/System/Library/PrivateFrameworks/ROCKit.framework/Versions/A/ROCKit
0x0000000015592000 	/System/Library/PrivateFrameworks/CoreWiFi.framework/Versions/A/CoreWiFi
0x0000000015592000 	/System/Library/Frameworks/CoreBluetooth.framework/Versions/A/CoreBluetooth
0x0000000015592000 	/System/Library/PrivateFrameworks/DebugSymbols.framework/Versions/A/DebugSymbols
0x0000000015592000 	/System/Library/PrivateFrameworks/CoreSymbolication.framework/Versions/A/CoreSymbolication
0x0000000015592000 	/System/Library/PrivateFrameworks/Symbolication.framework/Versions/A/Symbolication
0x0000000015592000 	/System/Library/PrivateFrameworks/SpeechRecognitionCore.framework/Versions/A/SpeechRecognitionCore
0x0000000108200000 	/Library/Java/JavaVirtualMachines/jdk1.8.0_60.jdk/Contents/Home/jre/lib/server/libjvm.dylib
0x0000000015592000 	/usr/lib/libstdc++.6.dylib
0x000000010797f000 	/Library/Java/JavaVirtualMachines/jdk1.8.0_60.jdk/Contents/Home/jre/lib/libverify.dylib
0x000000010798d000 	/Library/Java/JavaVirtualMachines/jdk1.8.0_60.jdk/Contents/Home/jre/lib/libjava.dylib
0x0000000109172000 	/Library/Java/JavaVirtualMachines/jdk1.8.0_60.jdk/Contents/Home/jre/lib/libjdwp.dylib
0x00000001079c3000 	/Library/Java/JavaVirtualMachines/jdk1.8.0_60.jdk/Contents/Home/jre/lib/libnpt.dylib
0x00000001079d0000 	/Library/Java/JavaVirtualMachines/jdk1.8.0_60.jdk/Contents/Home/jre/lib/libzip.dylib
0x0000000015592000 	/System/Library/Frameworks/JavaVM.framework/Versions/A/Frameworks/JavaRuntimeSupport.framework/Versions/A/JavaRuntimeSupport
0x0000000015592000 	/System/Library/Frameworks/JavaVM.framework/Versions/A/Frameworks/JavaNativeFoundation.framework/Versions/A/JavaNativeFoundation
0x0000000015592000 	/System/Library/Frameworks/JavaVM.framework/Versions/A/JavaVM
0x0000000015592000 	/System/Library/Frameworks/Carbon.framework/Versions/A/Carbon
0x0000000015592000 	/System/Library/PrivateFrameworks/JavaLaunching.framework/Versions/A/JavaLaunching
0x0000000015592000 	/System/Library/Frameworks/Carbon.framework/Versions/A/Frameworks/CommonPanels.framework/Versions/A/CommonPanels
0x0000000015592000 	/System/Library/Frameworks/Carbon.framework/Versions/A/Frameworks/Help.framework/Versions/A/Help
0x0000000015592000 	/System/Library/Frameworks/Carbon.framework/Versions/A/Frameworks/ImageCapture.framework/Versions/A/ImageCapture
0x0000000015592000 	/System/Library/Frameworks/Carbon.framework/Versions/A/Frameworks/OpenScripting.framework/Versions/A/OpenScripting
0x0000000015592000 	/System/Library/Frameworks/Carbon.framework/Versions/A/Frameworks/Print.framework/Versions/A/Print
0x0000000015592000 	/System/Library/Frameworks/Carbon.framework/Versions/A/Frameworks/SecurityHI.framework/Versions/A/SecurityHI
0x0000000109929000 	/Library/Java/JavaVirtualMachines/jdk1.8.0_60.jdk/Contents/Home/jre/lib/libdt_socket.dylib
0x0000000120639000 	/Library/Java/JavaVirtualMachines/jdk1.8.0_60.jdk/Contents/Home/jre/lib/libmanagement.dylib
0x0000000120646000 	/Library/Java/JavaVirtualMachines/jdk1.8.0_60.jdk/Contents/Home/jre/lib/libnet.dylib
0x00000001206a5000 	/Library/Java/JavaVirtualMachines/jdk1.8.0_60.jdk/Contents/Home/jre/lib/libnio.dylib

VM Arguments:
jvm_args: -agentlib:jdwp=transport=dt_socket,suspend=y,address=localhost:53225 -Dcom.sun.management.jmxremote -Dcom.sun.management.jmxremote.port=53224 -Dcom.sun.management.jmxremote.authenticate=false -Dcom.sun.management.jmxremote.ssl=false -Djava.rmi.server.hostname=localhost -Dspring.jmx.enabled=true -Dspring.application.admin.enabled=true -Djava.security.egd=file:/dev/./urandom -Xverify:none -XX:TieredStopAtLevel=1 -Dspring.boot.project.name=PollStation -Dfile.encoding=UTF-8 
java_command: com.poll.server.PollStationApplication --spring.output.ansi.enabled=always
java_class_path (initial): /Users/bradluken/Documents/workspace-spring-tool-suite-4-4.5.1.RELEASE/PollStation/target/classes:/Users/bradluken/.m2/repository/org/springframework/boot/spring-boot-starter-data-jpa/2.2.1.RELEASE/spring-boot-starter-data-jpa-2.2.1.RELEASE.jar:/Users/bradluken/.m2/repository/org/springframework/boot/spring-boot-starter-aop/2.2.1.RELEASE/spring-boot-starter-aop-2.2.1.RELEASE.jar:/Users/bradluken/.m2/repository/org/aspectj/aspectjweaver/1.9.4/aspectjweaver-1.9.4.jar:/Users/bradluken/.m2/repository/jakarta/activation/jakarta.activation-api/1.2.1/jakarta.activation-api-1.2.1.jar:/Users/bradluken/.m2/repository/jakarta/persistence/jakarta.persistence-api/2.2.3/jakarta.persistence-api-2.2.3.jar:/Users/bradluken/.m2/repository/jakarta/transaction/jakarta.transaction-api/1.3.3/jakarta.transaction-api-1.3.3.jar:/Users/bradluken/.m2/repository/org/hibernate/hibernate-core/5.4.8.Final/hibernate-core-5.4.8.Final.jar:/Users/bradluken/.m2/repository/org/jboss/logging/jboss-logging/3.4.1.Final/jboss-logging-3.4.1.Final.jar:/Users/bradluken/.m2/repository/org/javassist/javassist/3.24.0-GA/javassist-3.24.0-GA.jar:/Users/bradluken/.m2/repository/net/bytebuddy/byte-buddy/1.10.2/byte-buddy-1.10.2.jar:/Users/bradluken/.m2/repository/antlr/antlr/2.7.7/antlr-2.7.7.jar:/Users/bradluken/.m2/repository/org/jboss/jandex/2.0.5.Final/jandex-2.0.5.Final.jar:/Users/bradluken/.m2/repository/com/fasterxml/classmate/1.5.1/classmate-1.5.1.jar:/Users/bradluken/.m2/repository/org/dom4j/dom4j/2.1.1/dom4j-2.1.1.jar:/Users/bradluken/.m2/repository/org/hibernate/common/hibernate-commons-annotations/5.1.0.Final/hibernate-commons-annotations-5.1.0.Final.jar:/Users/bradluken/.m2/repository/org/glassfish/jaxb/jaxb-runtime/2.3.2/jaxb-runtime-2.3.2.jar:/Users/bradluken/.m2/repository/org/glassfish/jaxb/txw2/2.3.2/txw2-2.3.2.jar:/Users/bradluken/.m2/repository/com/sun/istack/istack-commons-runtime/3.0.8/istack-commons-runtime-3.0.8.jar:/Users/bradluken/.m2/repository/org/jvnet/staxex
Launcher Type: SUN_STANDARD

Environment Variables:
PATH=/usr/bin:/bin:/usr/sbin:/sbin
SHELL=/bin/bash

Signal Handlers:
SIGSEGV: [libjvm.dylib+0x597013], sa_mask[0]=11111111011111110111111111111111, sa_flags=SA_ONSTACK|SA_RESTART|SA_SIGINFO
SIGBUS: [libjvm.dylib+0x597013], sa_mask[0]=11111111011111110111111111111111, sa_flags=SA_RESTART|SA_SIGINFO
SIGFPE: [libjvm.dylib+0x473ed8], sa_mask[0]=11111111011111110111111111111111, sa_flags=SA_RESTART|SA_SIGINFO
SIGPIPE: [libjvm.dylib+0x473ed8], sa_mask[0]=11111111011111110111111111111111, sa_flags=SA_RESTART|SA_SIGINFO
SIGXFSZ: [libjvm.dylib+0x473ed8], sa_mask[0]=11111111011111110111111111111111, sa_flags=SA_RESTART|SA_SIGINFO
SIGILL: [libjvm.dylib+0x473ed8], sa_mask[0]=11111111011111110111111111111111, sa_flags=SA_RESTART|SA_SIGINFO
SIGUSR1: SIG_DFL, sa_mask[0]=00000000000000000000000000000000, sa_flags=none
SIGUSR2: [libjvm.dylib+0x4739f6], sa_mask[0]=00100000000000000000000000000000, sa_flags=SA_RESTART|SA_SIGINFO
SIGHUP: [libjvm.dylib+0x471fcd], sa_mask[0]=11111111011111110111111111111111, sa_flags=SA_RESTART|SA_SIGINFO
SIGINT: [libjvm.dylib+0x471fcd], sa_mask[0]=11111111011111110111111111111111, sa_flags=SA_RESTART|SA_SIGINFO
SIGTERM: [libjvm.dylib+0x471fcd], sa_mask[0]=11111111011111110111111111111111, sa_flags=SA_RESTART|SA_SIGINFO
SIGQUIT: [libjvm.dylib+0x471fcd], sa_mask[0]=11111111011111110111111111111111, sa_flags=SA_RESTART|SA_SIGINFO


---------------  S Y S T E M  ---------------

OS:Bsduname:Darwin 18.7.0 Darwin Kernel Version 18.7.0: Thu Jan 23 06:52:12 PST 2020; root:xnu-4903.278.25~1/RELEASE_X86_64 x86_64
rlimit: STACK 8192k, CORE 0k, NPROC 709, NOFILE 10240, AS infinity
load average:1.85 1.65 1.58

CPU:total 4 (4 cores per cpu, 1 threads per core) family 6 model 58 stepping 9, cmov, cx8, fxsr, mmx, sse, sse2, sse3, ssse3, sse4.1, sse4.2, popcnt, avx, aes, clmul, erms, tsc, tscinvbit, tscinv

Memory: 4k page, physical 8388608k(176232k free)

/proc/meminfo:


vm_info: Java HotSpot(TM) 64-Bit Server VM (25.60-b08) for bsd-amd64 JRE (1.8.0_60-ea-b08), built on Mar 24 2015 18:05:17 by "java_re" with gcc 4.2.1 (Based on Apple Inc. build 5658) (LLVM build 2336.11.00)

time: Sun Oct 11 12:38:46 2020
elapsed time: 91 seconds (0d 0h 1m 31s)

